#
# There is insufficient memory for the Java Runtime Environment to continue.
# Native memory allocation (mmap) failed to map 71303168 bytes for committing reserved memory.
# Possible reasons:
#   The system is out of physical RAM or swap space
#   The process is running with CompressedOops enabled, and the Java Heap may be blocking the growth of the native heap
# Possible solutions:
#   Reduce memory load on the system
#   Increase physical memory or swap space
#   Check if swap backing store is full
#   Decrease Java heap size (-Xmx/-Xms)
#   Decrease number of Java threads
#   Decrease Java thread stack sizes (-Xss)
#   Set larger code cache with -XX:ReservedCodeCacheSize=
#   JVM is running with Unscaled Compressed Oops mode in which the Java heap is
#     placed in the first 4GB address space. The Java Heap base address is the
#     maximum limit for the native heap growth. Please use -XX:HeapBaseMinAddress
#     to set the Java Heap base and to place the Java Heap above 4GB virtual address.
# This output file may be truncated or incomplete.
#
#  Out of Memory Error (os_linux.cpp:2706), pid=18761, tid=18773
#
# JRE version: OpenJDK Runtime Environment (10.0.2+13) (build 10.0.2+13-Ubuntu-1ubuntu0.18.04.4)
# Java VM: OpenJDK 64-Bit Server VM (10.0.2+13-Ubuntu-1ubuntu0.18.04.4, mixed mode, tiered, compressed oops, g1 gc, linux-amd64)
# Core dump will be written. Default location: Core dumps may be processed with "/usr/share/apport/apport %p %s %c %d %P" (or dumping to /home/jrwmacedo/MyProjects/reactredux/authenticator/android/core.18761)
#

---------------  S U M M A R Y ------------

Command Line: -XX:+HeapDumpOnOutOfMemoryError -Xmx1024m -Dfile.encoding=UTF-8 -Duser.country=US -Duser.language=en -Duser.variant org.gradle.launcher.daemon.bootstrap.GradleDaemon 4.7

Host: Intel(R) Core(TM) i5-8250U CPU @ 1.60GHz, 3 cores, 5G, Ubuntu 18.04.1 LTS
Time: Sat May  4 03:33:53 2019 WEST elapsed time: 217 seconds (0d 0h 3m 37s)

---------------  T H R E A D  ---------------

Current thread (0x00007f91b00f5000):  VMThread "VM Thread" [stack: 0x00007f9194418000,0x00007f9194518000] [id=18773]

Stack: [0x00007f9194418000,0x00007f9194518000],  sp=0x00007f91945160a0,  free space=1016k
Native frames: (J=compiled Java code, A=aot compiled Java code, j=interpreted, Vv=VM code, C=native code)
V  [libjvm.so+0xd27ea4]
V  [libjvm.so+0xd28a4b]
V  [libjvm.so+0x64d415]
V  [libjvm.so+0xb2d7c8]
V  [libjvm.so+0xb2601d]
V  [libjvm.so+0x7662ff]
V  [libjvm.so+0x76653e]
V  [libjvm.so+0x769500]
V  [libjvm.so+0x7efa1c]
V  [libjvm.so+0x7f06df]
V  [libjvm.so+0x7f0b59]
V  [libjvm.so+0x7162cf]
V  [libjvm.so+0x71a3ba]
V  [libjvm.so+0xd3a008]
V  [libjvm.so+0xd38871]
V  [libjvm.so+0xd35b3b]
V  [libjvm.so+0xd3715e]
V  [libjvm.so+0xd37588]
V  [libjvm.so+0xb33d40]

VM_Operation (0x00007f9132ff9140): G1IncCollectionPause, mode: safepoint, requested by thread 0x00005644e3d3b800


---------------  P R O C E S S  ---------------

Threads class SMR info:
_java_thread_list=0x00005644e3d46480, length=34, elements={
0x00007f91b0012000, 0x00007f91b00ff000, 0x00007f91b0101000, 0x00007f91b0115800,
0x00007f91b0117800, 0x00007f91b0119800, 0x00007f91b011b800, 0x00007f91b01a3800,
0x00007f91b01b9000, 0x00007f91b0e71800, 0x00007f91b0e93000, 0x00007f913c00e000,
0x00007f913800a000, 0x00007f913411b000, 0x00007f9134126800, 0x00007f9148002000,
0x00007f9138004800, 0x00007f9138018000, 0x00007f9134012000, 0x00007f913472c800,
0x00007f9134729800, 0x00007f91345b8000, 0x00007f9134771800, 0x00007f9134772800,
0x00007f9134773800, 0x00007f9134c06000, 0x00007f9135248000, 0x00007f9134e99800,
0x00007f9134420800, 0x00007f9134638000, 0x00007f9134ec5000, 0x00007f913523a800,
0x00005644e3d3b800, 0x00005644e3d45000
}

Java Threads: ( => current thread )
  0x00007f91b0012000 JavaThread "main" [_thread_blocked, id=18762, stack(0x00007f91b85cc000,0x00007f91b86cd000)]
  0x00007f91b00ff000 JavaThread "Reference Handler" daemon [_thread_blocked, id=18774, stack(0x00007f9194315000,0x00007f9194416000)]
  0x00007f91b0101000 JavaThread "Finalizer" daemon [_thread_blocked, id=18775, stack(0x00007f9194214000,0x00007f9194315000)]
  0x00007f91b0115800 JavaThread "Signal Dispatcher" daemon [_thread_blocked, id=18776, stack(0x00007f9194113000,0x00007f9194214000)]
  0x00007f91b0117800 JavaThread "C2 CompilerThread0" daemon [_thread_in_native, id=18778, stack(0x00007f9194012000,0x00007f9194113000)]
  0x00007f91b0119800 JavaThread "C1 CompilerThread1" daemon [_thread_blocked, id=18779, stack(0x00007f917d530000,0x00007f917d631000)]
  0x00007f91b011b800 JavaThread "Sweeper thread" daemon [_thread_blocked, id=18780, stack(0x00007f917d42f000,0x00007f917d530000)]
  0x00007f91b01a3800 JavaThread "Service Thread" daemon [_thread_blocked, id=18782, stack(0x00007f917d32e000,0x00007f917d42f000)]
  0x00007f91b01b9000 JavaThread "Common-Cleaner" daemon [_thread_blocked, id=18784, stack(0x00007f917d12b000,0x00007f917d22c000)]
  0x00007f91b0e71800 JavaThread "Incoming local TCP Connector on port 45443" [_thread_in_native, id=18785, stack(0x00007f9147cfd000,0x00007f9147dfe000)]
  0x00007f91b0e93000 JavaThread "Daemon periodic checks" [_thread_blocked, id=18786, stack(0x00007f9147bfc000,0x00007f9147cfd000)]
  0x00007f913c00e000 JavaThread "Daemon" [_thread_blocked, id=18787, stack(0x00007f9147afb000,0x00007f9147bfc000)]
  0x00007f913800a000 JavaThread "Daemon worker" [_thread_blocked, id=18790, stack(0x00007f91477f8000,0x00007f91478f9000)]
  0x00007f913411b000 JavaThread "Cache worker for file hash cache (/home/jrwmacedo/.gradle/caches/4.7/fileHashes)" [_thread_blocked, id=18795, stack(0x00007f91472f5000,0x00007f91473f6000)]
  0x00007f9134126800 JavaThread "File lock request listener" [_thread_in_native, id=18796, stack(0x00007f91471f4000,0x00007f91472f5000)]
  0x00007f9148002000 JavaThread "File lock release action executor" [_thread_blocked, id=18986, stack(0x00007f91479fa000,0x00007f9147afb000)]
  0x00007f9138004800 JavaThread "Handler for socket connection from /0:0:0:0:0:0:0:1:45443 to /0:0:0:0:0:0:0:1:48008" [_thread_in_native, id=19023, stack(0x00007f91478f9000,0x00007f91479fa000)]
  0x00007f9138018000 JavaThread "Cancel handler" [_thread_blocked, id=19024, stack(0x00007f91475f6000,0x00007f91476f7000)]
  0x00007f9134012000 JavaThread "Asynchronous log dispatcher for DefaultDaemonConnection: socket connection from /0:0:0:0:0:0:0:1:45443 to /0:0:0:0:0:0:0:1:48008" [_thread_blocked, id=19025, stack(0x00007f9146ef3000,0x00007f9146ff4000)]
  0x00007f913472c800 JavaThread "Stdin handler" [_thread_blocked, id=19027, stack(0x00007f91476f7000,0x00007f91477f8000)]
  0x00007f9134729800 JavaThread "Cache worker for file hash cache (/home/jrwmacedo/MyProjects/reactredux/authenticator/android/.gradle/4.7/fileHashes)" [_thread_blocked, id=19029, stack(0x00007f91463f2000,0x00007f91464f3000)]
  0x00007f91345b8000 JavaThread "Cache worker for Artifact transforms cache (/home/jrwmacedo/.gradle/caches/transforms-1)" [_thread_blocked, id=19032, stack(0x00007f91460f1000,0x00007f91461f2000)]
  0x00007f9134771800 JavaThread "Build operations" [_thread_blocked, id=19034, stack(0x00007f9145df0000,0x00007f9145ef1000)]
  0x00007f9134772800 JavaThread "Build operations Thread 2" [_thread_blocked, id=19035, stack(0x00007f9145cef000,0x00007f9145df0000)]
  0x00007f9134773800 JavaThread "Build operations Thread 3" [_thread_blocked, id=19036, stack(0x00007f9145bee000,0x00007f9145cef000)]
  0x00007f9134c06000 JavaThread "Memory manager" [_thread_blocked, id=19040, stack(0x00007f91454ed000,0x00007f91455ee000)]
  0x00007f9135248000 JavaThread "Cache worker for file content cache (/home/jrwmacedo/MyProjects/reactredux/authenticator/android/.gradle/4.7/fileContent)" [_thread_blocked, id=19042, stack(0x00007f9133eff000,0x00007f9134000000)]
  0x00007f9134e99800 JavaThread "Cache worker for task history cache (/home/jrwmacedo/MyProjects/reactredux/authenticator/android/.gradle/4.7/taskHistory)" [_thread_blocked, id=19043, stack(0x00007f91441ec000,0x00007f91442ed000)]
  0x00007f9134420800 JavaThread "Cache worker for Build Output Cleanup Cache (/home/jrwmacedo/MyProjects/reactredux/authenticator/android/.gradle/buildOutputCleanup)" [_thread_blocked, id=19044, stack(0x00007f91440eb000,0x00007f91441ec000)]
  0x00007f9134638000 JavaThread "Task worker for ':'" [_thread_blocked, id=19045, stack(0x00007f9133dfe000,0x00007f9133eff000)]
  0x00007f9134ec5000 JavaThread "Task worker for ':' Thread 2" [_thread_blocked, id=19046, stack(0x00007f9133cfd000,0x00007f9133dfe000)]
  0x00007f913523a800 JavaThread "Cache worker for Java compile cache (/home/jrwmacedo/MyProjects/reactredux/authenticator/android/.gradle/4.7/javaCompile)" [_thread_blocked, id=19055, stack(0x00007f91339fc000,0x00007f9133afd000)]
  0x00005644e3d3b800 JavaThread "ForkJoinPool.commonPool-worker-1" daemon [_thread_blocked, id=19135, stack(0x00007f9132efb000,0x00007f9132ffc000)]
  0x00005644e3d45000 JavaThread "ForkJoinPool.commonPool-worker-2" daemon [_thread_blocked, id=19136, stack(0x00007f9132dfa000,0x00007f9132efb000)]

Other Threads:
=>0x00007f91b00f5000 VMThread "VM Thread" [stack: 0x00007f9194418000,0x00007f9194518000] [id=18773]
  0x00007f91b01a6000 WatcherThread [stack: 0x00007f917d22e000,0x00007f917d32e000] [id=18783]
  0x00007f91b0028800 GCTaskThread "GC Thread#0" [stack: 0x00007f91b46f2000,0x00007f91b47f2000] [id=18763]
  0x00007f91b002a000 GCTaskThread "GC Thread#1" [stack: 0x00007f91b45f0000,0x00007f91b46f0000] [id=18764]
  0x00007f91b002b800 GCTaskThread "GC Thread#2" [stack: 0x00007f91b44ee000,0x00007f91b45ee000] [id=18765]
  0x00007f91b0043000 ConcurrentGCThread "G1 Main Marker" [stack: 0x00007f91b40e9000,0x00007f91b41e9000] [id=18766]
  0x00007f91b0045000 ConcurrentGCThread "G1 Conc#0" [stack: 0x00007f9195425000,0x00007f9195525000] [id=18767]
  0x00007f91b0090000 ConcurrentGCThread "G1 Refine#0" [stack: 0x00007f9195020000,0x00007f9195120000] [id=18768]
  0x00007f91b0091800 ConcurrentGCThread "G1 Refine#1" [stack: 0x00007f9194f1e000,0x00007f919501e000] [id=18769]
  0x00007f91b0093800 ConcurrentGCThread "G1 Refine#2" [stack: 0x00007f9194e1c000,0x00007f9194f1c000] [id=18770]
  0x00007f91b0095000 ConcurrentGCThread "G1 Young RemSet Sampling" [stack: 0x00007f9194d1a000,0x00007f9194e1a000] [id=18771]

Threads with active compile tasks:
C2 CompilerThread015085       4       com.android.tools.r8.ir.optimize.PeepholeOptimizer::removeIdenticalPredecessorBlocks (345 bytes)

VM state:at safepoint (normal execution)

VM Mutex/Monitor currently owned by a thread:  ([mutex/lock_event])
[0x00007f91b000e520] Threads_lock - owner thread: 0x00007f91b00f5000
[0x00007f91b000eac0] Heap_lock - owner thread: 0x00005644e3d3b800

Heap address: 0x00000000c0000000, size: 1024 MB, Compressed Oops mode: 32-bit
Narrow klass base: 0x0000000000000000, Narrow klass shift: 3
Compressed class space size: 1073741824 Address: 0x0000000100000000

Heap:
 garbage-first heap   total 418816K, used 141210K [0x00000000c0000000, 0x0000000100000000)
  region size 1024K, 16 young (16384K), 16 survivors (16384K)
 Metaspace       used 87067K, capacity 89048K, committed 89556K, reserved 1128448K
  class space    used 10207K, capacity 10956K, committed 10964K, reserved 1048576K
Heap Regions: E=young(eden), S=young(survivor), O=old, HS=humongous(starts), HC=humongous(continues), CS=collection set, F=free, A=archive, TS=gc time stamp, AC=allocation context, TAMS=top-at-mark-start (previous, next)
|   0|0x00000000c0000000, 0x00000000c0100000, 0x00000000c0100000|100%| O|  |TS  0|AC  0|TAMS 0x00000000c0100000, 0x00000000c0100000|
|   1|0x00000000c0100000, 0x00000000c0200000, 0x00000000c0200000|100%| O|  |TS  0|AC  0|TAMS 0x00000000c0200000, 0x00000000c0200000|
|   2|0x00000000c0200000, 0x00000000c0300000, 0x00000000c0300000|100%|HS|  |TS  0|AC  0|TAMS 0x00000000c0300000, 0x00000000c0300000|
|   3|0x00000000c0300000, 0x00000000c0400000, 0x00000000c0400000|100%|HC|  |TS  0|AC  0|TAMS 0x00000000c0400000, 0x00000000c0400000|
|   4|0x00000000c0400000, 0x00000000c0500000, 0x00000000c0500000|100%| O|  |TS  0|AC  0|TAMS 0x00000000c0500000, 0x00000000c0500000|
|   5|0x00000000c0500000, 0x00000000c0600000, 0x00000000c0600000|100%| O|  |TS  0|AC  0|TAMS 0x00000000c0600000, 0x00000000c0600000|
|   6|0x00000000c0600000, 0x00000000c0700000, 0x00000000c0700000|100%| O|  |TS  0|AC  0|TAMS 0x00000000c0700000, 0x00000000c0700000|
|   7|0x00000000c0700000, 0x00000000c0800000, 0x00000000c0800000|100%| O|  |TS  0|AC  0|TAMS 0x00000000c0800000, 0x00000000c0800000|
|   8|0x00000000c0800000, 0x00000000c0900000, 0x00000000c0900000|100%| O|  |TS  0|AC  0|TAMS 0x00000000c0900000, 0x00000000c0900000|
|   9|0x00000000c0900000, 0x00000000c0a00000, 0x00000000c0a00000|100%| O|  |TS  0|AC  0|TAMS 0x00000000c0a00000, 0x00000000c0a00000|
|  10|0x00000000c0a00000, 0x00000000c0b00000, 0x00000000c0b00000|100%| O|  |TS  0|AC  0|TAMS 0x00000000c0b00000, 0x00000000c0b00000|
|  11|0x00000000c0b00000, 0x00000000c0c00000, 0x00000000c0c00000|100%| O|  |TS  0|AC  0|TAMS 0x00000000c0c00000, 0x00000000c0c00000|
|  12|0x00000000c0c00000, 0x00000000c0d00000, 0x00000000c0d00000|100%| O|  |TS  0|AC  0|TAMS 0x00000000c0d00000, 0x00000000c0d00000|
|  13|0x00000000c0d00000, 0x00000000c0e00000, 0x00000000c0e00000|100%|HS|  |TS  0|AC  0|TAMS 0x00000000c0e00000, 0x00000000c0e00000|
|  14|0x00000000c0e00000, 0x00000000c0f00000, 0x00000000c0f00000|100%|HC|  |TS  0|AC  0|TAMS 0x00000000c0f00000, 0x00000000c0f00000|
|  15|0x00000000c0f00000, 0x00000000c1000000, 0x00000000c1000000|100%| O|  |TS  0|AC  0|TAMS 0x00000000c1000000, 0x00000000c1000000|
|  16|0x00000000c1000000, 0x00000000c1100000, 0x00000000c1100000|100%| O|  |TS  0|AC  0|TAMS 0x00000000c1100000, 0x00000000c1100000|
|  17|0x00000000c1100000, 0x00000000c1200000, 0x00000000c1200000|100%| O|  |TS  0|AC  0|TAMS 0x00000000c1200000, 0x00000000c1200000|
|  18|0x00000000c1200000, 0x00000000c1300000, 0x00000000c1300000|100%| O|  |TS  0|AC  0|TAMS 0x00000000c1300000, 0x00000000c1300000|
|  19|0x00000000c1300000, 0x00000000c1400000, 0x00000000c1400000|100%|HS|  |TS  0|AC  0|TAMS 0x00000000c1400000, 0x00000000c1400000|
|  20|0x00000000c1400000, 0x00000000c1500000, 0x00000000c1500000|100%|HC|  |TS  0|AC  0|TAMS 0x00000000c1500000, 0x00000000c1500000|
|  21|0x00000000c1500000, 0x00000000c1600000, 0x00000000c1600000|100%| O|  |TS  0|AC  0|TAMS 0x00000000c1600000, 0x00000000c1600000|
|  22|0x00000000c1600000, 0x00000000c1700000, 0x00000000c1700000|100%| O|  |TS  0|AC  0|TAMS 0x00000000c1700000, 0x00000000c1700000|
|  23|0x00000000c1700000, 0x00000000c1800000, 0x00000000c1800000|100%| O|  |TS  0|AC  0|TAMS 0x00000000c1800000, 0x00000000c1800000|
|  24|0x00000000c1800000, 0x00000000c1900000, 0x00000000c1900000|100%| O|  |TS  4|AC  0|TAMS 0x00000000c1800000, 0x00000000c1800000|
|  25|0x00000000c1900000, 0x00000000c1a00000, 0x00000000c1a00000|100%| O|  |TS  0|AC  0|TAMS 0x00000000c1a00000, 0x00000000c1a00000|
|  26|0x00000000c1a00000, 0x00000000c1b00000, 0x00000000c1b00000|100%| O|  |TS  0|AC  0|TAMS 0x00000000c1b00000, 0x00000000c1b00000|
|  27|0x00000000c1b00000, 0x00000000c1c00000, 0x00000000c1c00000|100%| O|  |TS  0|AC  0|TAMS 0x00000000c1c00000, 0x00000000c1c00000|
|  28|0x00000000c1c00000, 0x00000000c1d00000, 0x00000000c1d00000|100%| O|  |TS  0|AC  0|TAMS 0x00000000c1d00000, 0x00000000c1d00000|
|  29|0x00000000c1d00000, 0x00000000c1e00000, 0x00000000c1e00000|100%| O|  |TS  0|AC  0|TAMS 0x00000000c1e00000, 0x00000000c1e00000|
|  30|0x00000000c1e00000, 0x00000000c1f00000, 0x00000000c1f00000|100%| O|  |TS  0|AC  0|TAMS 0x00000000c1f00000, 0x00000000c1f00000|
|  31|0x00000000c1f00000, 0x00000000c2000000, 0x00000000c2000000|100%| O|  |TS  0|AC  0|TAMS 0x00000000c2000000, 0x00000000c2000000|
|  32|0x00000000c2000000, 0x00000000c2100000, 0x00000000c2100000|100%| O|  |TS  0|AC  0|TAMS 0x00000000c2100000, 0x00000000c2100000|
|  33|0x00000000c2100000, 0x00000000c2200000, 0x00000000c2200000|100%| O|  |TS  0|AC  0|TAMS 0x00000000c2200000, 0x00000000c2200000|
|  34|0x00000000c2200000, 0x00000000c2300000, 0x00000000c2300000|100%| O|  |TS  0|AC  0|TAMS 0x00000000c2300000, 0x00000000c2300000|
|  35|0x00000000c2300000, 0x00000000c2400000, 0x00000000c2400000|100%| O|  |TS  0|AC  0|TAMS 0x00000000c2400000, 0x00000000c2400000|
|  36|0x00000000c2400000, 0x00000000c2500000, 0x00000000c2500000|100%| O|  |TS  0|AC  0|TAMS 0x00000000c2500000, 0x00000000c2500000|
|  37|0x00000000c2500000, 0x00000000c2600000, 0x00000000c2600000|100%| O|  |TS  0|AC  0|TAMS 0x00000000c2600000, 0x00000000c2600000|
|  38|0x00000000c2600000, 0x00000000c2700000, 0x00000000c2700000|100%| O|  |TS  0|AC  0|TAMS 0x00000000c2700000, 0x00000000c2700000|
|  39|0x00000000c2700000, 0x00000000c2800000, 0x00000000c2800000|100%| O|  |TS  0|AC  0|TAMS 0x00000000c2800000, 0x00000000c2800000|
|  40|0x00000000c2800000, 0x00000000c2900000, 0x00000000c2900000|100%| O|  |TS  3|AC  0|TAMS 0x00000000c2800000, 0x00000000c2800000|
|  41|0x00000000c2900000, 0x00000000c2a00000, 0x00000000c2a00000|100%| O|  |TS  0|AC  0|TAMS 0x00000000c2a00000, 0x00000000c2a00000|
|  42|0x00000000c2a00000, 0x00000000c2b00000, 0x00000000c2b00000|100%| O|  |TS  0|AC  0|TAMS 0x00000000c2b00000, 0x00000000c2b00000|
|  43|0x00000000c2b00000, 0x00000000c2c00000, 0x00000000c2c00000|100%| O|  |TS  0|AC  0|TAMS 0x00000000c2c00000, 0x00000000c2c00000|
|  44|0x00000000c2c00000, 0x00000000c2d00000, 0x00000000c2d00000|100%| O|  |TS  0|AC  0|TAMS 0x00000000c2d00000, 0x00000000c2d00000|
|  45|0x00000000c2d00000, 0x00000000c2e00000, 0x00000000c2e00000|100%| O|  |TS  0|AC  0|TAMS 0x00000000c2e00000, 0x00000000c2e00000|
|  46|0x00000000c2e00000, 0x00000000c2f00000, 0x00000000c2f00000|100%| O|  |TS  0|AC  0|TAMS 0x00000000c2f00000, 0x00000000c2f00000|
|  47|0x00000000c2f00000, 0x00000000c3000000, 0x00000000c3000000|100%| O|  |TS  0|AC  0|TAMS 0x00000000c3000000, 0x00000000c3000000|
|  48|0x00000000c3000000, 0x00000000c3100000, 0x00000000c3100000|100%| O|  |TS  0|AC  0|TAMS 0x00000000c3100000, 0x00000000c3100000|
|  49|0x00000000c3100000, 0x00000000c3200000, 0x00000000c3200000|100%| O|  |TS  0|AC  0|TAMS 0x00000000c3200000, 0x00000000c3200000|
|  50|0x00000000c3200000, 0x00000000c3300000, 0x00000000c3300000|100%| O|  |TS  0|AC  0|TAMS 0x00000000c3300000, 0x00000000c3300000|
|  51|0x00000000c3300000, 0x00000000c3400000, 0x00000000c3400000|100%| O|  |TS  0|AC  0|TAMS 0x00000000c3400000, 0x00000000c3400000|
|  52|0x00000000c3400000, 0x00000000c3500000, 0x00000000c3500000|100%| O|  |TS  0|AC  0|TAMS 0x00000000c3500000, 0x00000000c3500000|
|  53|0x00000000c3500000, 0x00000000c3600000, 0x00000000c3600000|100%| O|  |TS  0|AC  0|TAMS 0x00000000c3600000, 0x00000000c3600000|
|  54|0x00000000c3600000, 0x00000000c3700000, 0x00000000c3700000|100%| O|  |TS  0|AC  0|TAMS 0x00000000c3700000, 0x00000000c3700000|
|  55|0x00000000c3700000, 0x00000000c3800000, 0x00000000c3800000|100%| O|  |TS  0|AC  0|TAMS 0x00000000c3800000, 0x00000000c3800000|
|  56|0x00000000c3800000, 0x00000000c3900000, 0x00000000c3900000|100%| O|  |TS  0|AC  0|TAMS 0x00000000c3900000, 0x00000000c3900000|
|  57|0x00000000c3900000, 0x00000000c3a00000, 0x00000000c3a00000|100%| O|  |TS  0|AC  0|TAMS 0x00000000c3a00000, 0x00000000c3a00000|
|  58|0x00000000c3a00000, 0x00000000c3b00000, 0x00000000c3b00000|100%| O|  |TS  0|AC  0|TAMS 0x00000000c3b00000, 0x00000000c3b00000|
|  59|0x00000000c3b00000, 0x00000000c3c00000, 0x00000000c3c00000|100%| O|  |TS  0|AC  0|TAMS 0x00000000c3c00000, 0x00000000c3c00000|
|  60|0x00000000c3c00000, 0x00000000c3d00000, 0x00000000c3d00000|100%| O|  |TS  0|AC  0|TAMS 0x00000000c3d00000, 0x00000000c3d00000|
|  61|0x00000000c3d00000, 0x00000000c3e00000, 0x00000000c3e00000|100%| O|  |TS  4|AC  0|TAMS 0x00000000c3d00000, 0x00000000c3d00000|
|  62|0x00000000c3e00000, 0x00000000c3f00000, 0x00000000c3f00000|100%|HS|  |TS  0|AC  0|TAMS 0x00000000c3f00000, 0x00000000c3f00000|
|  63|0x00000000c3f00000, 0x00000000c4000000, 0x00000000c4000000|100%| O|  |TS  2|AC  0|TAMS 0x00000000c3f00000, 0x00000000c3f00000|
|  64|0x00000000c4000000, 0x00000000c4100000, 0x00000000c4100000|100%| O|  |TS  2|AC  0|TAMS 0x00000000c4000000, 0x00000000c4000000|
|  65|0x00000000c4100000, 0x00000000c4200000, 0x00000000c4200000|100%| O|  |TS  2|AC  0|TAMS 0x00000000c4100000, 0x00000000c4100000|
|  66|0x00000000c4200000, 0x00000000c4300000, 0x00000000c4300000|100%| O|  |TS  4|AC  0|TAMS 0x00000000c4200000, 0x00000000c4200000|
|  67|0x00000000c4300000, 0x00000000c4400000, 0x00000000c4400000|100%| O|  |TS  0|AC  0|TAMS 0x00000000c4400000, 0x00000000c4400000|
|  68|0x00000000c4400000, 0x00000000c4500000, 0x00000000c4500000|100%| O|  |TS  5|AC  0|TAMS 0x00000000c4400000, 0x00000000c4400000|
|  69|0x00000000c4500000, 0x00000000c4600000, 0x00000000c4600000|100%| O|  |TS  0|AC  0|TAMS 0x00000000c4600000, 0x00000000c4600000|
|  70|0x00000000c4600000, 0x00000000c4700000, 0x00000000c4700000|100%| O|  |TS  0|AC  0|TAMS 0x00000000c4700000, 0x00000000c4700000|
|  71|0x00000000c4700000, 0x00000000c4800000, 0x00000000c4800000|100%| O|  |TS  0|AC  0|TAMS 0x00000000c4800000, 0x00000000c4800000|
|  72|0x00000000c4800000, 0x00000000c4900000, 0x00000000c4900000|100%| O|  |TS  0|AC  0|TAMS 0x00000000c4900000, 0x00000000c4900000|
|  73|0x00000000c4900000, 0x00000000c4a00000, 0x00000000c4a00000|100%| O|  |TS  0|AC  0|TAMS 0x00000000c4a00000, 0x00000000c4a00000|
|  74|0x00000000c4a00000, 0x00000000c4b00000, 0x00000000c4b00000|100%| O|  |TS  0|AC  0|TAMS 0x00000000c4b00000, 0x00000000c4b00000|
|  75|0x00000000c4b00000, 0x00000000c4c00000, 0x00000000c4c00000|100%| O|  |TS  5|AC  0|TAMS 0x00000000c4b00000, 0x00000000c4b00000|
|  76|0x00000000c4c00000, 0x00000000c4d00000, 0x00000000c4d00000|100%| O|  |TS  0|AC  0|TAMS 0x00000000c4d00000, 0x00000000c4d00000|
|  77|0x00000000c4d00000, 0x00000000c4e00000, 0x00000000c4e00000|100%| O|  |TS  5|AC  0|TAMS 0x00000000c4d00000, 0x00000000c4d00000|
|  78|0x00000000c4e00000, 0x00000000c4f00000, 0x00000000c4f00000|100%| O|  |TS  2|AC  0|TAMS 0x00000000c4e00000, 0x00000000c4e00000|
|  79|0x00000000c4f00000, 0x00000000c5000000, 0x00000000c5000000|100%|HS|  |TS  0|AC  0|TAMS 0x00000000c5000000, 0x00000000c5000000|
|  80|0x00000000c5000000, 0x00000000c5100000, 0x00000000c5100000|100%|HC|  |TS  0|AC  0|TAMS 0x00000000c5100000, 0x00000000c5100000|
|  81|0x00000000c5100000, 0x00000000c5200000, 0x00000000c5200000|100%| O|  |TS  0|AC  0|TAMS 0x00000000c5200000, 0x00000000c5200000|
|  82|0x00000000c5200000, 0x00000000c5300000, 0x00000000c5300000|100%| O|  |TS  5|AC  0|TAMS 0x00000000c5200000, 0x00000000c5200000|
|  83|0x00000000c5300000, 0x00000000c5400000, 0x00000000c5400000|100%| O|  |TS  5|AC  0|TAMS 0x00000000c5300000, 0x00000000c5300000|
|  84|0x00000000c5400000, 0x00000000c5500000, 0x00000000c5500000|100%| O|  |TS  5|AC  0|TAMS 0x00000000c5400000, 0x00000000c5400000|
|  85|0x00000000c5500000, 0x00000000c5600000, 0x00000000c5600000|100%| O|  |TS  6|AC  0|TAMS 0x00000000c5500000, 0x00000000c5500000|
|  86|0x00000000c5600000, 0x00000000c5700000, 0x00000000c5700000|100%| O|  |TS  6|AC  0|TAMS 0x00000000c5600000, 0x00000000c5600000|
|  87|0x00000000c5700000, 0x00000000c5800000, 0x00000000c5800000|100%| O|  |TS  6|AC  0|TAMS 0x00000000c5700000, 0x00000000c5700000|
|  88|0x00000000c5800000, 0x00000000c5900000, 0x00000000c5900000|100%| O|  |TS  6|AC  0|TAMS 0x00000000c5800000, 0x00000000c5800000|
|  89|0x00000000c5900000, 0x00000000c5a00000, 0x00000000c5a00000|100%| O|  |TS  0|AC  0|TAMS 0x00000000c5a00000, 0x00000000c5a00000|
|  90|0x00000000c5a00000, 0x00000000c5b00000, 0x00000000c5b00000|100%| O|  |TS  2|AC  0|TAMS 0x00000000c5a00000, 0x00000000c5a00000|
|  91|0x00000000c5b00000, 0x00000000c5c00000, 0x00000000c5c00000|100%| O|  |TS  2|AC  0|TAMS 0x00000000c5b00000, 0x00000000c5b00000|
|  92|0x00000000c5c00000, 0x00000000c5d00000, 0x00000000c5d00000|100%| O|  |TS  2|AC  0|TAMS 0x00000000c5c00000, 0x00000000c5c00000|
|  93|0x00000000c5d00000, 0x00000000c5e00000, 0x00000000c5e00000|100%| O|  |TS  2|AC  0|TAMS 0x00000000c5d00000, 0x00000000c5d00000|
|  94|0x00000000c5e00000, 0x00000000c5f00000, 0x00000000c5f00000|100%| O|  |TS  2|AC  0|TAMS 0x00000000c5e00000, 0x00000000c5e00000|
|  95|0x00000000c5f00000, 0x00000000c6000000, 0x00000000c6000000|100%| O|  |TS  2|AC  0|TAMS 0x00000000c5f00000, 0x00000000c5f00000|
|  96|0x00000000c6000000, 0x00000000c6100000, 0x00000000c6100000|100%| O|  |TS  2|AC  0|TAMS 0x00000000c6000000, 0x00000000c6000000|
|  97|0x00000000c6100000, 0x00000000c6200000, 0x00000000c6200000|100%| O|  |TS  3|AC  0|TAMS 0x00000000c6100000, 0x00000000c6100000|
|  98|0x00000000c6200000, 0x00000000c6300000, 0x00000000c6300000|100%| O|  |TS  6|AC  0|TAMS 0x00000000c6200000, 0x00000000c6200000|
|  99|0x00000000c6300000, 0x00000000c6400000, 0x00000000c6400000|100%| O|  |TS  6|AC  0|TAMS 0x00000000c6300000, 0x00000000c6300000|
| 100|0x00000000c6400000, 0x00000000c6500000, 0x00000000c6500000|100%| O|  |TS  6|AC  0|TAMS 0x00000000c6400000, 0x00000000c6400000|
| 101|0x00000000c6500000, 0x00000000c6600000, 0x00000000c6600000|100%| O|  |TS 10|AC  0|TAMS 0x00000000c6500000, 0x00000000c6500000|
| 102|0x00000000c6600000, 0x00000000c6700000, 0x00000000c6700000|100%| O|  |TS 10|AC  0|TAMS 0x00000000c6600000, 0x00000000c6600000|
| 103|0x00000000c6700000, 0x00000000c6800000, 0x00000000c6800000|100%| O|  |TS 12|AC  0|TAMS 0x00000000c6700000, 0x00000000c6700000|
| 104|0x00000000c6800000, 0x00000000c6900000, 0x00000000c6900000|100%| O|  |TS 13|AC  0|TAMS 0x00000000c6800000, 0x00000000c6800000|
| 105|0x00000000c6900000, 0x00000000c6a00000, 0x00000000c6a00000|100%| O|  |TS 13|AC  0|TAMS 0x00000000c6900000, 0x00000000c6900000|
| 106|0x00000000c6a00000, 0x00000000c6b00000, 0x00000000c6b00000|100%| O|  |TS 14|AC  0|TAMS 0x00000000c6a00000, 0x00000000c6a00000|
| 107|0x00000000c6b00000, 0x00000000c6c00000, 0x00000000c6c00000|100%| O|  |TS 14|AC  0|TAMS 0x00000000c6b00000, 0x00000000c6b00000|
| 108|0x00000000c6c00000, 0x00000000c6d00000, 0x00000000c6d00000|100%| O|  |TS 15|AC  0|TAMS 0x00000000c6c00000, 0x00000000c6c00000|
| 109|0x00000000c6d00000, 0x00000000c6e00000, 0x00000000c6e00000|100%| O|  |TS 15|AC  0|TAMS 0x00000000c6d00000, 0x00000000c6d00000|
| 110|0x00000000c6e00000, 0x00000000c6f00000, 0x00000000c6f00000|100%| O|  |TS 15|AC  0|TAMS 0x00000000c6e00000, 0x00000000c6e00000|
| 111|0x00000000c6f00000, 0x00000000c7000000, 0x00000000c7000000|100%| O|  |TS 18|AC  0|TAMS 0x00000000c6f00000, 0x00000000c6f00000|
| 112|0x00000000c7000000, 0x00000000c7100000, 0x00000000c7100000|100%| O|  |TS 18|AC  0|TAMS 0x00000000c7000000, 0x00000000c7000000|
| 113|0x00000000c7100000, 0x00000000c7200000, 0x00000000c7200000|100%| O|  |TS 18|AC  0|TAMS 0x00000000c7100000, 0x00000000c7100000|
| 114|0x00000000c7200000, 0x00000000c7300000, 0x00000000c7300000|100%| O|  |TS 18|AC  0|TAMS 0x00000000c7200000, 0x00000000c7200000|
| 115|0x00000000c7300000, 0x00000000c7400000, 0x00000000c7400000|100%| O|  |TS 18|AC  0|TAMS 0x00000000c7300000, 0x00000000c7300000|
| 116|0x00000000c7400000, 0x00000000c7500000, 0x00000000c7500000|100%| O|  |TS 19|AC  0|TAMS 0x00000000c7400000, 0x00000000c7400000|
| 117|0x00000000c7500000, 0x00000000c7600000, 0x00000000c7600000|100%| O|  |TS 20|AC  0|TAMS 0x00000000c7500000, 0x00000000c7500000|
| 118|0x00000000c7600000, 0x00000000c7700000, 0x00000000c7700000|100%| O|  |TS 20|AC  0|TAMS 0x00000000c7600000, 0x00000000c7600000|
| 119|0x00000000c7700000, 0x00000000c7800000, 0x00000000c7800000|100%| O|  |TS 19|AC  0|TAMS 0x00000000c7700000, 0x00000000c7700000|
| 120|0x00000000c7800000, 0x00000000c7900000, 0x00000000c7900000|100%| O|  |TS 20|AC  0|TAMS 0x00000000c7800000, 0x00000000c7800000|
| 121|0x00000000c7900000, 0x00000000c7a00000, 0x00000000c7a00000|100%| O|  |TS 20|AC  0|TAMS 0x00000000c7900000, 0x00000000c7900000|
| 122|0x00000000c7a00000, 0x00000000c7a66800, 0x00000000c7b00000| 40%| O|  |TS 24|AC  0|TAMS 0x00000000c7a00000, 0x00000000c7a00000|
| 123|0x00000000c7b00000, 0x00000000c7b00000, 0x00000000c7c00000|  0%| F|  |TS 22|AC  0|TAMS 0x00000000c7b00000, 0x00000000c7b00000|
| 124|0x00000000c7c00000, 0x00000000c7c00000, 0x00000000c7d00000|  0%| F|  |TS 22|AC  0|TAMS 0x00000000c7c00000, 0x00000000c7c00000|
| 125|0x00000000c7d00000, 0x00000000c7d00000, 0x00000000c7e00000|  0%| F|  |TS 22|AC  0|TAMS 0x00000000c7d00000, 0x00000000c7d00000|
| 126|0x00000000c7e00000, 0x00000000c7e00000, 0x00000000c7f00000|  0%| F|  |TS 22|AC  0|TAMS 0x00000000c7e00000, 0x00000000c7e00000|
| 127|0x00000000c7f00000, 0x00000000c7f00000, 0x00000000c8000000|  0%| F|  |TS  4|AC  0|TAMS 0x00000000c7f00000, 0x00000000c7f00000|
| 128|0x00000000c8000000, 0x00000000c8000000, 0x00000000c8100000|  0%| F|  |TS  4|AC  0|TAMS 0x00000000c8000000, 0x00000000c8000000|
| 129|0x00000000c8100000, 0x00000000c8100000, 0x00000000c8200000|  0%| F|  |TS  4|AC  0|TAMS 0x00000000c8100000, 0x00000000c8100000|
| 130|0x00000000c8200000, 0x00000000c8200000, 0x00000000c8300000|  0%| F|  |TS  4|AC  0|TAMS 0x00000000c8200000, 0x00000000c8200000|
| 131|0x00000000c8300000, 0x00000000c8300000, 0x00000000c8400000|  0%| F|  |TS  4|AC  0|TAMS 0x00000000c8300000, 0x00000000c8300000|
| 132|0x00000000c8400000, 0x00000000c8400000, 0x00000000c8500000|  0%| F|  |TS  4|AC  0|TAMS 0x00000000c8400000, 0x00000000c8400000|
| 133|0x00000000c8500000, 0x00000000c8500000, 0x00000000c8600000|  0%| F|  |TS  4|AC  0|TAMS 0x00000000c8500000, 0x00000000c8500000|
| 134|0x00000000c8600000, 0x00000000c8600000, 0x00000000c8700000|  0%| F|  |TS  4|AC  0|TAMS 0x00000000c8600000, 0x00000000c8600000|
| 135|0x00000000c8700000, 0x00000000c8700000, 0x00000000c8800000|  0%| F|  |TS 11|AC  0|TAMS 0x00000000c8700000, 0x00000000c8700000|
| 136|0x00000000c8800000, 0x00000000c8800000, 0x00000000c8900000|  0%| F|  |TS 11|AC  0|TAMS 0x00000000c8800000, 0x00000000c8800000|
| 137|0x00000000c8900000, 0x00000000c8900000, 0x00000000c8a00000|  0%| F|  |TS 11|AC  0|TAMS 0x00000000c8900000, 0x00000000c8900000|
| 138|0x00000000c8a00000, 0x00000000c8a00000, 0x00000000c8b00000|  0%| F|  |TS 10|AC  0|TAMS 0x00000000c8a00000, 0x00000000c8a00000|
| 139|0x00000000c8b00000, 0x00000000c8b00000, 0x00000000c8c00000|  0%| F|  |TS 10|AC  0|TAMS 0x00000000c8b00000, 0x00000000c8b00000|
| 140|0x00000000c8c00000, 0x00000000c8c00000, 0x00000000c8d00000|  0%| F|  |TS 10|AC  0|TAMS 0x00000000c8c00000, 0x00000000c8c00000|
| 141|0x00000000c8d00000, 0x00000000c8d00000, 0x00000000c8e00000|  0%| F|  |TS 11|AC  0|TAMS 0x00000000c8d00000, 0x00000000c8d00000|
| 142|0x00000000c8e00000, 0x00000000c8e00000, 0x00000000c8f00000|  0%| F|  |TS 11|AC  0|TAMS 0x00000000c8e00000, 0x00000000c8e00000|
| 143|0x00000000c8f00000, 0x00000000c8f00000, 0x00000000c9000000|  0%| F|  |TS 10|AC  0|TAMS 0x00000000c8f00000, 0x00000000c8f00000|
| 144|0x00000000c9000000, 0x00000000c9000000, 0x00000000c9100000|  0%| F|  |TS 15|AC  0|TAMS 0x00000000c9000000, 0x00000000c9000000|
| 145|0x00000000c9100000, 0x00000000c9100000, 0x00000000c9200000|  0%| F|  |TS 15|AC  0|TAMS 0x00000000c9100000, 0x00000000c9100000|
| 146|0x00000000c9200000, 0x00000000c9200000, 0x00000000c9300000|  0%| F|  |TS 19|AC  0|TAMS 0x00000000c9200000, 0x00000000c9200000|
| 147|0x00000000c9300000, 0x00000000c9300000, 0x00000000c9400000|  0%| F|  |TS 19|AC  0|TAMS 0x00000000c9300000, 0x00000000c9300000|
| 148|0x00000000c9400000, 0x00000000c9400000, 0x00000000c9500000|  0%| F|  |TS 19|AC  0|TAMS 0x00000000c9400000, 0x00000000c9400000|
| 149|0x00000000c9500000, 0x00000000c9500000, 0x00000000c9600000|  0%| F|  |TS 19|AC  0|TAMS 0x00000000c9500000, 0x00000000c9500000|
| 150|0x00000000c9600000, 0x00000000c9600000, 0x00000000c9700000|  0%| F|  |TS 19|AC  0|TAMS 0x00000000c9600000, 0x00000000c9600000|
| 151|0x00000000c9700000, 0x00000000c9700000, 0x00000000c9800000|  0%| F|  |TS 19|AC  0|TAMS 0x00000000c9700000, 0x00000000c9700000|
| 152|0x00000000c9800000, 0x00000000c9800000, 0x00000000c9900000|  0%| F|  |TS 21|AC  0|TAMS 0x00000000c9800000, 0x00000000c9800000|
| 153|0x00000000c9900000, 0x00000000c9900000, 0x00000000c9a00000|  0%| F|  |TS 21|AC  0|TAMS 0x00000000c9900000, 0x00000000c9900000|
| 154|0x00000000c9a00000, 0x00000000c9a00000, 0x00000000c9b00000|  0%| F|  |TS 20|AC  0|TAMS 0x00000000c9a00000, 0x00000000c9a00000|
| 155|0x00000000c9b00000, 0x00000000c9b00000, 0x00000000c9c00000|  0%| F|  |TS 20|AC  0|TAMS 0x00000000c9b00000, 0x00000000c9b00000|
| 156|0x00000000c9c00000, 0x00000000c9c00000, 0x00000000c9d00000|  0%| F|  |TS 20|AC  0|TAMS 0x00000000c9c00000, 0x00000000c9c00000|
| 157|0x00000000c9d00000, 0x00000000c9d00000, 0x00000000c9e00000|  0%| F|  |TS 20|AC  0|TAMS 0x00000000c9d00000, 0x00000000c9d00000|
| 158|0x00000000c9e00000, 0x00000000c9e80000, 0x00000000c9f00000| 50%| S|CS|TS 24|AC  0|TAMS 0x00000000c9e00000, 0x00000000c9e00000|
| 159|0x00000000c9f00000, 0x00000000ca000000, 0x00000000ca000000|100%| S|CS|TS 24|AC  0|TAMS 0x00000000c9f00000, 0x00000000c9f00000|
| 160|0x00000000ca000000, 0x00000000ca100000, 0x00000000ca100000|100%| S|CS|TS 24|AC  0|TAMS 0x00000000ca000000, 0x00000000ca000000|
| 161|0x00000000ca100000, 0x00000000ca200000, 0x00000000ca200000|100%| S|CS|TS 24|AC  0|TAMS 0x00000000ca100000, 0x00000000ca100000|
| 162|0x00000000ca200000, 0x00000000ca300000, 0x00000000ca300000|100%| S|CS|TS 24|AC  0|TAMS 0x00000000ca200000, 0x00000000ca200000|
| 163|0x00000000ca300000, 0x00000000ca400000, 0x00000000ca400000|100%| S|CS|TS 24|AC  0|TAMS 0x00000000ca300000, 0x00000000ca300000|
| 164|0x00000000ca400000, 0x00000000ca500000, 0x00000000ca500000|100%| S|CS|TS 24|AC  0|TAMS 0x00000000ca400000, 0x00000000ca400000|
| 165|0x00000000ca500000, 0x00000000ca600000, 0x00000000ca600000|100%| S|CS|TS 24|AC  0|TAMS 0x00000000ca500000, 0x00000000ca500000|
| 166|0x00000000ca600000, 0x00000000ca700000, 0x00000000ca700000|100%| S|CS|TS 24|AC  0|TAMS 0x00000000ca600000, 0x00000000ca600000|
| 167|0x00000000ca700000, 0x00000000ca800000, 0x00000000ca800000|100%| S|CS|TS 24|AC  0|TAMS 0x00000000ca700000, 0x00000000ca700000|
| 168|0x00000000ca800000, 0x00000000ca900000, 0x00000000ca900000|100%| S|CS|TS 24|AC  0|TAMS 0x00000000ca800000, 0x00000000ca800000|
| 169|0x00000000ca900000, 0x00000000caa00000, 0x00000000caa00000|100%| S|CS|TS 24|AC  0|TAMS 0x00000000ca900000, 0x00000000ca900000|
| 170|0x00000000caa00000, 0x00000000cab00000, 0x00000000cab00000|100%| S|CS|TS 24|AC  0|TAMS 0x00000000caa00000, 0x00000000caa00000|
| 171|0x00000000cab00000, 0x00000000cac00000, 0x00000000cac00000|100%| S|CS|TS 24|AC  0|TAMS 0x00000000cab00000, 0x00000000cab00000|
| 172|0x00000000cac00000, 0x00000000cad00000, 0x00000000cad00000|100%| S|CS|TS 24|AC  0|TAMS 0x00000000cac00000, 0x00000000cac00000|
| 173|0x00000000cad00000, 0x00000000cad00000, 0x00000000cae00000|  0%| F|  |TS 24|AC  0|TAMS 0x00000000cad00000, 0x00000000cad00000|
| 174|0x00000000cae00000, 0x00000000cae00000, 0x00000000caf00000|  0%| F|  |TS 24|AC  0|TAMS 0x00000000cae00000, 0x00000000cae00000|
| 175|0x00000000caf00000, 0x00000000caf00000, 0x00000000cb000000|  0%| F|  |TS 24|AC  0|TAMS 0x00000000caf00000, 0x00000000caf00000|
| 176|0x00000000cb000000, 0x00000000cb000000, 0x00000000cb100000|  0%| F|  |TS 24|AC  0|TAMS 0x00000000cb000000, 0x00000000cb000000|
| 177|0x00000000cb100000, 0x00000000cb200000, 0x00000000cb200000|100%| S|CS|TS 24|AC  0|TAMS 0x00000000cb100000, 0x00000000cb100000|
| 178|0x00000000cb200000, 0x00000000cb200000, 0x00000000cb300000|  0%| F|  |TS 24|AC  0|TAMS 0x00000000cb200000, 0x00000000cb200000|
| 179|0x00000000cb300000, 0x00000000cb300000, 0x00000000cb400000|  0%| F|  |TS 24|AC  0|TAMS 0x00000000cb300000, 0x00000000cb300000|
| 180|0x00000000cb400000, 0x00000000cb400000, 0x00000000cb500000|  0%| F|  |TS 24|AC  0|TAMS 0x00000000cb400000, 0x00000000cb400000|
| 181|0x00000000cb500000, 0x00000000cb500000, 0x00000000cb600000|  0%| F|  |TS 24|AC  0|TAMS 0x00000000cb500000, 0x00000000cb500000|
| 182|0x00000000cb600000, 0x00000000cb600000, 0x00000000cb700000|  0%| F|  |TS 24|AC  0|TAMS 0x00000000cb600000, 0x00000000cb600000|
| 183|0x00000000cb700000, 0x00000000cb700000, 0x00000000cb800000|  0%| F|  |TS 24|AC  0|TAMS 0x00000000cb700000, 0x00000000cb700000|
| 184|0x00000000cb800000, 0x00000000cb800000, 0x00000000cb900000|  0%| F|  |TS 24|AC  0|TAMS 0x00000000cb800000, 0x00000000cb800000|
| 185|0x00000000cb900000, 0x00000000cb900000, 0x00000000cba00000|  0%| F|  |TS 24|AC  0|TAMS 0x00000000cb900000, 0x00000000cb900000|
| 186|0x00000000cba00000, 0x00000000cba00000, 0x00000000cbb00000|  0%| F|  |TS 24|AC  0|TAMS 0x00000000cba00000, 0x00000000cba00000|
| 187|0x00000000cbb00000, 0x00000000cbb00000, 0x00000000cbc00000|  0%| F|  |TS 24|AC  0|TAMS 0x00000000cbb00000, 0x00000000cbb00000|
| 188|0x00000000cbc00000, 0x00000000cbc00000, 0x00000000cbd00000|  0%| F|  |TS 24|AC  0|TAMS 0x00000000cbc00000, 0x00000000cbc00000|
| 189|0x00000000cbd00000, 0x00000000cbd00000, 0x00000000cbe00000|  0%| F|  |TS 24|AC  0|TAMS 0x00000000cbd00000, 0x00000000cbd00000|
| 190|0x00000000cbe00000, 0x00000000cbe00000, 0x00000000cbf00000|  0%| F|  |TS 24|AC  0|TAMS 0x00000000cbe00000, 0x00000000cbe00000|
| 191|0x00000000cbf00000, 0x00000000cbf00000, 0x00000000cc000000|  0%| F|  |TS 24|AC  0|TAMS 0x00000000cbf00000, 0x00000000cbf00000|
| 192|0x00000000cc000000, 0x00000000cc000000, 0x00000000cc100000|  0%| F|  |TS 24|AC  0|TAMS 0x00000000cc000000, 0x00000000cc000000|
| 193|0x00000000cc100000, 0x00000000cc100000, 0x00000000cc200000|  0%| F|  |TS 24|AC  0|TAMS 0x00000000cc100000, 0x00000000cc100000|
| 194|0x00000000cc200000, 0x00000000cc200000, 0x00000000cc300000|  0%| F|  |TS 24|AC  0|TAMS 0x00000000cc200000, 0x00000000cc200000|
| 195|0x00000000cc300000, 0x00000000cc300000, 0x00000000cc400000|  0%| F|  |TS 24|AC  0|TAMS 0x00000000cc300000, 0x00000000cc300000|
| 196|0x00000000cc400000, 0x00000000cc400000, 0x00000000cc500000|  0%| F|  |TS 24|AC  0|TAMS 0x00000000cc400000, 0x00000000cc400000|
| 197|0x00000000cc500000, 0x00000000cc500000, 0x00000000cc600000|  0%| F|  |TS 24|AC  0|TAMS 0x00000000cc500000, 0x00000000cc500000|
| 198|0x00000000cc600000, 0x00000000cc600000, 0x00000000cc700000|  0%| F|  |TS 24|AC  0|TAMS 0x00000000cc600000, 0x00000000cc600000|
| 199|0x00000000cc700000, 0x00000000cc700000, 0x00000000cc800000|  0%| F|  |TS 24|AC  0|TAMS 0x00000000cc700000, 0x00000000cc700000|
| 200|0x00000000cc800000, 0x00000000cc800000, 0x00000000cc900000|  0%| F|  |TS 24|AC  0|TAMS 0x00000000cc800000, 0x00000000cc800000|
| 201|0x00000000cc900000, 0x00000000cc900000, 0x00000000cca00000|  0%| F|  |TS 24|AC  0|TAMS 0x00000000cc900000, 0x00000000cc900000|
| 202|0x00000000cca00000, 0x00000000cca00000, 0x00000000ccb00000|  0%| F|  |TS 24|AC  0|TAMS 0x00000000cca00000, 0x00000000cca00000|
| 203|0x00000000ccb00000, 0x00000000ccb00000, 0x00000000ccc00000|  0%| F|  |TS 24|AC  0|TAMS 0x00000000ccb00000, 0x00000000ccb00000|
| 204|0x00000000ccc00000, 0x00000000ccc00000, 0x00000000ccd00000|  0%| F|  |TS 24|AC  0|TAMS 0x00000000ccc00000, 0x00000000ccc00000|
| 205|0x00000000ccd00000, 0x00000000ccd00000, 0x00000000cce00000|  0%| F|  |TS 24|AC  0|TAMS 0x00000000ccd00000, 0x00000000ccd00000|
| 206|0x00000000cce00000, 0x00000000cce00000, 0x00000000ccf00000|  0%| F|  |TS 24|AC  0|TAMS 0x00000000cce00000, 0x00000000cce00000|
| 207|0x00000000ccf00000, 0x00000000ccf00000, 0x00000000cd000000|  0%| F|  |TS 24|AC  0|TAMS 0x00000000ccf00000, 0x00000000ccf00000|
| 208|0x00000000cd000000, 0x00000000cd000000, 0x00000000cd100000|  0%| F|  |TS 24|AC  0|TAMS 0x00000000cd000000, 0x00000000cd000000|
| 209|0x00000000cd100000, 0x00000000cd100000, 0x00000000cd200000|  0%| F|  |TS 24|AC  0|TAMS 0x00000000cd100000, 0x00000000cd100000|
| 210|0x00000000cd200000, 0x00000000cd200000, 0x00000000cd300000|  0%| F|  |TS 24|AC  0|TAMS 0x00000000cd200000, 0x00000000cd200000|
| 211|0x00000000cd300000, 0x00000000cd300000, 0x00000000cd400000|  0%| F|  |TS 24|AC  0|TAMS 0x00000000cd300000, 0x00000000cd300000|
| 212|0x00000000cd400000, 0x00000000cd400000, 0x00000000cd500000|  0%| F|  |TS 24|AC  0|TAMS 0x00000000cd400000, 0x00000000cd400000|
| 213|0x00000000cd500000, 0x00000000cd500000, 0x00000000cd600000|  0%| F|  |TS 24|AC  0|TAMS 0x00000000cd500000, 0x00000000cd500000|
| 214|0x00000000cd600000, 0x00000000cd600000, 0x00000000cd700000|  0%| F|  |TS 24|AC  0|TAMS 0x00000000cd600000, 0x00000000cd600000|
| 215|0x00000000cd700000, 0x00000000cd700000, 0x00000000cd800000|  0%| F|  |TS 24|AC  0|TAMS 0x00000000cd700000, 0x00000000cd700000|
| 216|0x00000000cd800000, 0x00000000cd800000, 0x00000000cd900000|  0%| F|  |TS 24|AC  0|TAMS 0x00000000cd800000, 0x00000000cd800000|
| 217|0x00000000cd900000, 0x00000000cd900000, 0x00000000cda00000|  0%| F|  |TS 24|AC  0|TAMS 0x00000000cd900000, 0x00000000cd900000|
| 218|0x00000000cda00000, 0x00000000cda00000, 0x00000000cdb00000|  0%| F|  |TS 24|AC  0|TAMS 0x00000000cda00000, 0x00000000cda00000|
| 219|0x00000000cdb00000, 0x00000000cdb00000, 0x00000000cdc00000|  0%| F|  |TS 24|AC  0|TAMS 0x00000000cdb00000, 0x00000000cdb00000|
| 220|0x00000000cdc00000, 0x00000000cdc00000, 0x00000000cdd00000|  0%| F|  |TS 24|AC  0|TAMS 0x00000000cdc00000, 0x00000000cdc00000|
| 221|0x00000000cdd00000, 0x00000000cdd00000, 0x00000000cde00000|  0%| F|  |TS 24|AC  0|TAMS 0x00000000cdd00000, 0x00000000cdd00000|
| 222|0x00000000cde00000, 0x00000000cde00000, 0x00000000cdf00000|  0%| F|  |TS 24|AC  0|TAMS 0x00000000cde00000, 0x00000000cde00000|
| 223|0x00000000cdf00000, 0x00000000cdf00000, 0x00000000ce000000|  0%| F|  |TS 24|AC  0|TAMS 0x00000000cdf00000, 0x00000000cdf00000|
| 224|0x00000000ce000000, 0x00000000ce000000, 0x00000000ce100000|  0%| F|  |TS 24|AC  0|TAMS 0x00000000ce000000, 0x00000000ce000000|
| 225|0x00000000ce100000, 0x00000000ce100000, 0x00000000ce200000|  0%| F|  |TS 24|AC  0|TAMS 0x00000000ce100000, 0x00000000ce100000|
| 226|0x00000000ce200000, 0x00000000ce200000, 0x00000000ce300000|  0%| F|  |TS 24|AC  0|TAMS 0x00000000ce200000, 0x00000000ce200000|
| 227|0x00000000ce300000, 0x00000000ce300000, 0x00000000ce400000|  0%| F|  |TS 24|AC  0|TAMS 0x00000000ce300000, 0x00000000ce300000|
| 228|0x00000000ce400000, 0x00000000ce400000, 0x00000000ce500000|  0%| F|  |TS 24|AC  0|TAMS 0x00000000ce400000, 0x00000000ce400000|
| 229|0x00000000ce500000, 0x00000000ce500000, 0x00000000ce600000|  0%| F|  |TS 24|AC  0|TAMS 0x00000000ce500000, 0x00000000ce500000|
| 230|0x00000000ce600000, 0x00000000ce600000, 0x00000000ce700000|  0%| F|  |TS 24|AC  0|TAMS 0x00000000ce600000, 0x00000000ce600000|
| 231|0x00000000ce700000, 0x00000000ce700000, 0x00000000ce800000|  0%| F|  |TS 24|AC  0|TAMS 0x00000000ce700000, 0x00000000ce700000|
| 232|0x00000000ce800000, 0x00000000ce800000, 0x00000000ce900000|  0%| F|  |TS 24|AC  0|TAMS 0x00000000ce800000, 0x00000000ce800000|
| 233|0x00000000ce900000, 0x00000000ce900000, 0x00000000cea00000|  0%| F|  |TS 24|AC  0|TAMS 0x00000000ce900000, 0x00000000ce900000|
| 234|0x00000000cea00000, 0x00000000cea00000, 0x00000000ceb00000|  0%| F|  |TS 24|AC  0|TAMS 0x00000000cea00000, 0x00000000cea00000|
| 235|0x00000000ceb00000, 0x00000000ceb00000, 0x00000000cec00000|  0%| F|  |TS 24|AC  0|TAMS 0x00000000ceb00000, 0x00000000ceb00000|
| 236|0x00000000cec00000, 0x00000000cec00000, 0x00000000ced00000|  0%| F|  |TS 24|AC  0|TAMS 0x00000000cec00000, 0x00000000cec00000|
| 237|0x00000000ced00000, 0x00000000ced00000, 0x00000000cee00000|  0%| F|  |TS 24|AC  0|TAMS 0x00000000ced00000, 0x00000000ced00000|
| 238|0x00000000cee00000, 0x00000000cee00000, 0x00000000cef00000|  0%| F|  |TS 24|AC  0|TAMS 0x00000000cee00000, 0x00000000cee00000|
| 239|0x00000000cef00000, 0x00000000cef00000, 0x00000000cf000000|  0%| F|  |TS 24|AC  0|TAMS 0x00000000cef00000, 0x00000000cef00000|
| 240|0x00000000cf000000, 0x00000000cf000000, 0x00000000cf100000|  0%| F|  |TS 24|AC  0|TAMS 0x00000000cf000000, 0x00000000cf000000|
| 241|0x00000000cf100000, 0x00000000cf100000, 0x00000000cf200000|  0%| F|  |TS 24|AC  0|TAMS 0x00000000cf100000, 0x00000000cf100000|
| 242|0x00000000cf200000, 0x00000000cf200000, 0x00000000cf300000|  0%| F|  |TS 24|AC  0|TAMS 0x00000000cf200000, 0x00000000cf200000|
| 243|0x00000000cf300000, 0x00000000cf300000, 0x00000000cf400000|  0%| F|  |TS 24|AC  0|TAMS 0x00000000cf300000, 0x00000000cf300000|
| 244|0x00000000cf400000, 0x00000000cf400000, 0x00000000cf500000|  0%| F|  |TS 24|AC  0|TAMS 0x00000000cf400000, 0x00000000cf400000|
| 245|0x00000000cf500000, 0x00000000cf500000, 0x00000000cf600000|  0%| F|  |TS 24|AC  0|TAMS 0x00000000cf500000, 0x00000000cf500000|
| 246|0x00000000cf600000, 0x00000000cf600000, 0x00000000cf700000|  0%| F|  |TS 24|AC  0|TAMS 0x00000000cf600000, 0x00000000cf600000|
| 247|0x00000000cf700000, 0x00000000cf700000, 0x00000000cf800000|  0%| F|  |TS 24|AC  0|TAMS 0x00000000cf700000, 0x00000000cf700000|
| 248|0x00000000cf800000, 0x00000000cf800000, 0x00000000cf900000|  0%| F|  |TS 24|AC  0|TAMS 0x00000000cf800000, 0x00000000cf800000|
| 249|0x00000000cf900000, 0x00000000cf900000, 0x00000000cfa00000|  0%| F|  |TS 24|AC  0|TAMS 0x00000000cf900000, 0x00000000cf900000|
| 250|0x00000000cfa00000, 0x00000000cfa00000, 0x00000000cfb00000|  0%| F|  |TS 24|AC  0|TAMS 0x00000000cfa00000, 0x00000000cfa00000|
| 251|0x00000000cfb00000, 0x00000000cfb00000, 0x00000000cfc00000|  0%| F|  |TS 24|AC  0|TAMS 0x00000000cfb00000, 0x00000000cfb00000|
| 252|0x00000000cfc00000, 0x00000000cfc00000, 0x00000000cfd00000|  0%| F|  |TS 24|AC  0|TAMS 0x00000000cfc00000, 0x00000000cfc00000|
| 253|0x00000000cfd00000, 0x00000000cfd00000, 0x00000000cfe00000|  0%| F|  |TS 24|AC  0|TAMS 0x00000000cfd00000, 0x00000000cfd00000|
| 254|0x00000000cfe00000, 0x00000000cfe00000, 0x00000000cff00000|  0%| F|  |TS 24|AC  0|TAMS 0x00000000cfe00000, 0x00000000cfe00000|
| 255|0x00000000cff00000, 0x00000000cff00000, 0x00000000d0000000|  0%| F|  |TS 24|AC  0|TAMS 0x00000000cff00000, 0x00000000cff00000|
| 256|0x00000000d0000000, 0x00000000d0000000, 0x00000000d0100000|  0%| F|  |TS 24|AC  0|TAMS 0x00000000d0000000, 0x00000000d0000000|
| 257|0x00000000d0100000, 0x00000000d0100000, 0x00000000d0200000|  0%| F|  |TS 24|AC  0|TAMS 0x00000000d0100000, 0x00000000d0100000|
| 258|0x00000000d0200000, 0x00000000d0200000, 0x00000000d0300000|  0%| F|  |TS 24|AC  0|TAMS 0x00000000d0200000, 0x00000000d0200000|
| 259|0x00000000d0300000, 0x00000000d0300000, 0x00000000d0400000|  0%| F|  |TS 24|AC  0|TAMS 0x00000000d0300000, 0x00000000d0300000|
| 260|0x00000000d0400000, 0x00000000d0400000, 0x00000000d0500000|  0%| F|  |TS 24|AC  0|TAMS 0x00000000d0400000, 0x00000000d0400000|
| 261|0x00000000d0500000, 0x00000000d0500000, 0x00000000d0600000|  0%| F|  |TS 24|AC  0|TAMS 0x00000000d0500000, 0x00000000d0500000|
| 262|0x00000000d0600000, 0x00000000d0600000, 0x00000000d0700000|  0%| F|  |TS 24|AC  0|TAMS 0x00000000d0600000, 0x00000000d0600000|
| 263|0x00000000d0700000, 0x00000000d0700000, 0x00000000d0800000|  0%| F|  |TS 24|AC  0|TAMS 0x00000000d0700000, 0x00000000d0700000|
| 264|0x00000000d0800000, 0x00000000d0800000, 0x00000000d0900000|  0%| F|  |TS 24|AC  0|TAMS 0x00000000d0800000, 0x00000000d0800000|
| 265|0x00000000d0900000, 0x00000000d0900000, 0x00000000d0a00000|  0%| F|  |TS 24|AC  0|TAMS 0x00000000d0900000, 0x00000000d0900000|
| 266|0x00000000d0a00000, 0x00000000d0a00000, 0x00000000d0b00000|  0%| F|  |TS 24|AC  0|TAMS 0x00000000d0a00000, 0x00000000d0a00000|
| 267|0x00000000d0b00000, 0x00000000d0b00000, 0x00000000d0c00000|  0%| F|  |TS 24|AC  0|TAMS 0x00000000d0b00000, 0x00000000d0b00000|
| 268|0x00000000d0c00000, 0x00000000d0c00000, 0x00000000d0d00000|  0%| F|  |TS 24|AC  0|TAMS 0x00000000d0c00000, 0x00000000d0c00000|
| 269|0x00000000d0d00000, 0x00000000d0d00000, 0x00000000d0e00000|  0%| F|  |TS 24|AC  0|TAMS 0x00000000d0d00000, 0x00000000d0d00000|
| 270|0x00000000d0e00000, 0x00000000d0e00000, 0x00000000d0f00000|  0%| F|  |TS 24|AC  0|TAMS 0x00000000d0e00000, 0x00000000d0e00000|
| 271|0x00000000d0f00000, 0x00000000d0f00000, 0x00000000d1000000|  0%| F|  |TS 24|AC  0|TAMS 0x00000000d0f00000, 0x00000000d0f00000|
| 272|0x00000000d1000000, 0x00000000d1000000, 0x00000000d1100000|  0%| F|  |TS 24|AC  0|TAMS 0x00000000d1000000, 0x00000000d1000000|
| 273|0x00000000d1100000, 0x00000000d1100000, 0x00000000d1200000|  0%| F|  |TS 24|AC  0|TAMS 0x00000000d1100000, 0x00000000d1100000|
| 274|0x00000000d1200000, 0x00000000d1200000, 0x00000000d1300000|  0%| F|  |TS 24|AC  0|TAMS 0x00000000d1200000, 0x00000000d1200000|
| 275|0x00000000d1300000, 0x00000000d1300000, 0x00000000d1400000|  0%| F|  |TS 24|AC  0|TAMS 0x00000000d1300000, 0x00000000d1300000|
| 276|0x00000000d1400000, 0x00000000d1400000, 0x00000000d1500000|  0%| F|  |TS 24|AC  0|TAMS 0x00000000d1400000, 0x00000000d1400000|
| 277|0x00000000d1500000, 0x00000000d1500000, 0x00000000d1600000|  0%| F|  |TS 24|AC  0|TAMS 0x00000000d1500000, 0x00000000d1500000|
| 278|0x00000000d1600000, 0x00000000d1600000, 0x00000000d1700000|  0%| F|  |TS 24|AC  0|TAMS 0x00000000d1600000, 0x00000000d1600000|
| 279|0x00000000d1700000, 0x00000000d1700000, 0x00000000d1800000|  0%| F|  |TS 24|AC  0|TAMS 0x00000000d1700000, 0x00000000d1700000|
| 280|0x00000000d1800000, 0x00000000d1800000, 0x00000000d1900000|  0%| F|  |TS 24|AC  0|TAMS 0x00000000d1800000, 0x00000000d1800000|
| 281|0x00000000d1900000, 0x00000000d1900000, 0x00000000d1a00000|  0%| F|  |TS 24|AC  0|TAMS 0x00000000d1900000, 0x00000000d1900000|
| 282|0x00000000d1a00000, 0x00000000d1a00000, 0x00000000d1b00000|  0%| F|  |TS 24|AC  0|TAMS 0x00000000d1a00000, 0x00000000d1a00000|
| 283|0x00000000d1b00000, 0x00000000d1b00000, 0x00000000d1c00000|  0%| F|  |TS 24|AC  0|TAMS 0x00000000d1b00000, 0x00000000d1b00000|
| 284|0x00000000d1c00000, 0x00000000d1c00000, 0x00000000d1d00000|  0%| F|  |TS 24|AC  0|TAMS 0x00000000d1c00000, 0x00000000d1c00000|
| 285|0x00000000d1d00000, 0x00000000d1d00000, 0x00000000d1e00000|  0%| F|  |TS 24|AC  0|TAMS 0x00000000d1d00000, 0x00000000d1d00000|
| 286|0x00000000d1e00000, 0x00000000d1e00000, 0x00000000d1f00000|  0%| F|  |TS 24|AC  0|TAMS 0x00000000d1e00000, 0x00000000d1e00000|
| 287|0x00000000d1f00000, 0x00000000d1f00000, 0x00000000d2000000|  0%| F|  |TS 24|AC  0|TAMS 0x00000000d1f00000, 0x00000000d1f00000|
| 288|0x00000000d2000000, 0x00000000d2000000, 0x00000000d2100000|  0%| F|  |TS 24|AC  0|TAMS 0x00000000d2000000, 0x00000000d2000000|
| 289|0x00000000d2100000, 0x00000000d2100000, 0x00000000d2200000|  0%| F|  |TS 24|AC  0|TAMS 0x00000000d2100000, 0x00000000d2100000|
| 290|0x00000000d2200000, 0x00000000d2200000, 0x00000000d2300000|  0%| F|  |TS 24|AC  0|TAMS 0x00000000d2200000, 0x00000000d2200000|
| 291|0x00000000d2300000, 0x00000000d2300000, 0x00000000d2400000|  0%| F|  |TS 24|AC  0|TAMS 0x00000000d2300000, 0x00000000d2300000|
| 292|0x00000000d2400000, 0x00000000d2400000, 0x00000000d2500000|  0%| F|  |TS 24|AC  0|TAMS 0x00000000d2400000, 0x00000000d2400000|
| 293|0x00000000d2500000, 0x00000000d2500000, 0x00000000d2600000|  0%| F|  |TS 24|AC  0|TAMS 0x00000000d2500000, 0x00000000d2500000|
| 294|0x00000000d2600000, 0x00000000d2600000, 0x00000000d2700000|  0%| F|  |TS 24|AC  0|TAMS 0x00000000d2600000, 0x00000000d2600000|
| 295|0x00000000d2700000, 0x00000000d2700000, 0x00000000d2800000|  0%| F|  |TS 24|AC  0|TAMS 0x00000000d2700000, 0x00000000d2700000|
| 296|0x00000000d2800000, 0x00000000d2800000, 0x00000000d2900000|  0%| F|  |TS 24|AC  0|TAMS 0x00000000d2800000, 0x00000000d2800000|
| 297|0x00000000d2900000, 0x00000000d2900000, 0x00000000d2a00000|  0%| F|  |TS 24|AC  0|TAMS 0x00000000d2900000, 0x00000000d2900000|
| 298|0x00000000d2a00000, 0x00000000d2a00000, 0x00000000d2b00000|  0%| F|  |TS 24|AC  0|TAMS 0x00000000d2a00000, 0x00000000d2a00000|
| 299|0x00000000d2b00000, 0x00000000d2b00000, 0x00000000d2c00000|  0%| F|  |TS 24|AC  0|TAMS 0x00000000d2b00000, 0x00000000d2b00000|
| 300|0x00000000d2c00000, 0x00000000d2c00000, 0x00000000d2d00000|  0%| F|  |TS 24|AC  0|TAMS 0x00000000d2c00000, 0x00000000d2c00000|
| 301|0x00000000d2d00000, 0x00000000d2d00000, 0x00000000d2e00000|  0%| F|  |TS 24|AC  0|TAMS 0x00000000d2d00000, 0x00000000d2d00000|
| 302|0x00000000d2e00000, 0x00000000d2e00000, 0x00000000d2f00000|  0%| F|  |TS 24|AC  0|TAMS 0x00000000d2e00000, 0x00000000d2e00000|
| 303|0x00000000d2f00000, 0x00000000d2f00000, 0x00000000d3000000|  0%| F|  |TS 24|AC  0|TAMS 0x00000000d2f00000, 0x00000000d2f00000|
| 304|0x00000000d3000000, 0x00000000d3000000, 0x00000000d3100000|  0%| F|  |TS 24|AC  0|TAMS 0x00000000d3000000, 0x00000000d3000000|
| 305|0x00000000d3100000, 0x00000000d3100000, 0x00000000d3200000|  0%| F|  |TS 24|AC  0|TAMS 0x00000000d3100000, 0x00000000d3100000|
| 306|0x00000000d3200000, 0x00000000d3200000, 0x00000000d3300000|  0%| F|  |TS 24|AC  0|TAMS 0x00000000d3200000, 0x00000000d3200000|
| 307|0x00000000d3300000, 0x00000000d3300000, 0x00000000d3400000|  0%| F|  |TS 24|AC  0|TAMS 0x00000000d3300000, 0x00000000d3300000|
| 308|0x00000000d3400000, 0x00000000d3400000, 0x00000000d3500000|  0%| F|  |TS 24|AC  0|TAMS 0x00000000d3400000, 0x00000000d3400000|
| 309|0x00000000d3500000, 0x00000000d3500000, 0x00000000d3600000|  0%| F|  |TS 24|AC  0|TAMS 0x00000000d3500000, 0x00000000d3500000|
| 310|0x00000000d3600000, 0x00000000d3600000, 0x00000000d3700000|  0%| F|  |TS 24|AC  0|TAMS 0x00000000d3600000, 0x00000000d3600000|
| 311|0x00000000d3700000, 0x00000000d3700000, 0x00000000d3800000|  0%| F|  |TS 24|AC  0|TAMS 0x00000000d3700000, 0x00000000d3700000|
| 312|0x00000000d3800000, 0x00000000d3800000, 0x00000000d3900000|  0%| F|  |TS 24|AC  0|TAMS 0x00000000d3800000, 0x00000000d3800000|
| 313|0x00000000d3900000, 0x00000000d3900000, 0x00000000d3a00000|  0%| F|  |TS 24|AC  0|TAMS 0x00000000d3900000, 0x00000000d3900000|
| 314|0x00000000d3a00000, 0x00000000d3a00000, 0x00000000d3b00000|  0%| F|  |TS 24|AC  0|TAMS 0x00000000d3a00000, 0x00000000d3a00000|
| 315|0x00000000d3b00000, 0x00000000d3b00000, 0x00000000d3c00000|  0%| F|  |TS 24|AC  0|TAMS 0x00000000d3b00000, 0x00000000d3b00000|
| 316|0x00000000d3c00000, 0x00000000d3c00000, 0x00000000d3d00000|  0%| F|  |TS 24|AC  0|TAMS 0x00000000d3c00000, 0x00000000d3c00000|
| 317|0x00000000d3d00000, 0x00000000d3d00000, 0x00000000d3e00000|  0%| F|  |TS 24|AC  0|TAMS 0x00000000d3d00000, 0x00000000d3d00000|
| 318|0x00000000d3e00000, 0x00000000d3e00000, 0x00000000d3f00000|  0%| F|  |TS 24|AC  0|TAMS 0x00000000d3e00000, 0x00000000d3e00000|
| 319|0x00000000d3f00000, 0x00000000d3f00000, 0x00000000d4000000|  0%| F|  |TS 24|AC  0|TAMS 0x00000000d3f00000, 0x00000000d3f00000|
| 320|0x00000000d4000000, 0x00000000d4000000, 0x00000000d4100000|  0%| F|  |TS 24|AC  0|TAMS 0x00000000d4000000, 0x00000000d4000000|
| 321|0x00000000d4100000, 0x00000000d4100000, 0x00000000d4200000|  0%| F|  |TS 24|AC  0|TAMS 0x00000000d4100000, 0x00000000d4100000|
| 322|0x00000000d4200000, 0x00000000d4200000, 0x00000000d4300000|  0%| F|  |TS 24|AC  0|TAMS 0x00000000d4200000, 0x00000000d4200000|
| 323|0x00000000d4300000, 0x00000000d4300000, 0x00000000d4400000|  0%| F|  |TS 24|AC  0|TAMS 0x00000000d4300000, 0x00000000d4300000|
| 324|0x00000000d4400000, 0x00000000d4400000, 0x00000000d4500000|  0%| F|  |TS 24|AC  0|TAMS 0x00000000d4400000, 0x00000000d4400000|
| 325|0x00000000d4500000, 0x00000000d4500000, 0x00000000d4600000|  0%| F|  |TS 24|AC  0|TAMS 0x00000000d4500000, 0x00000000d4500000|
| 326|0x00000000d4600000, 0x00000000d4600000, 0x00000000d4700000|  0%| F|  |TS 24|AC  0|TAMS 0x00000000d4600000, 0x00000000d4600000|
| 327|0x00000000d4700000, 0x00000000d4700000, 0x00000000d4800000|  0%| F|  |TS 24|AC  0|TAMS 0x00000000d4700000, 0x00000000d4700000|
| 328|0x00000000d4800000, 0x00000000d4800000, 0x00000000d4900000|  0%| F|  |TS 24|AC  0|TAMS 0x00000000d4800000, 0x00000000d4800000|
| 329|0x00000000d4900000, 0x00000000d4900000, 0x00000000d4a00000|  0%| F|  |TS 24|AC  0|TAMS 0x00000000d4900000, 0x00000000d4900000|
| 330|0x00000000d4a00000, 0x00000000d4a00000, 0x00000000d4b00000|  0%| F|  |TS 24|AC  0|TAMS 0x00000000d4a00000, 0x00000000d4a00000|
| 331|0x00000000d4b00000, 0x00000000d4b00000, 0x00000000d4c00000|  0%| F|  |TS 24|AC  0|TAMS 0x00000000d4b00000, 0x00000000d4b00000|
| 332|0x00000000d4c00000, 0x00000000d4c00000, 0x00000000d4d00000|  0%| F|  |TS 24|AC  0|TAMS 0x00000000d4c00000, 0x00000000d4c00000|
| 333|0x00000000d4d00000, 0x00000000d4d00000, 0x00000000d4e00000|  0%| F|  |TS 24|AC  0|TAMS 0x00000000d4d00000, 0x00000000d4d00000|
| 334|0x00000000d4e00000, 0x00000000d4e00000, 0x00000000d4f00000|  0%| F|  |TS 24|AC  0|TAMS 0x00000000d4e00000, 0x00000000d4e00000|
| 335|0x00000000d4f00000, 0x00000000d4f00000, 0x00000000d5000000|  0%| F|  |TS 24|AC  0|TAMS 0x00000000d4f00000, 0x00000000d4f00000|
| 336|0x00000000d5000000, 0x00000000d5000000, 0x00000000d5100000|  0%| F|  |TS 24|AC  0|TAMS 0x00000000d5000000, 0x00000000d5000000|
| 337|0x00000000d5100000, 0x00000000d5100000, 0x00000000d5200000|  0%| F|  |TS 24|AC  0|TAMS 0x00000000d5100000, 0x00000000d5100000|
| 338|0x00000000d5200000, 0x00000000d5200000, 0x00000000d5300000|  0%| F|  |TS 24|AC  0|TAMS 0x00000000d5200000, 0x00000000d5200000|
| 339|0x00000000d5300000, 0x00000000d5300000, 0x00000000d5400000|  0%| F|  |TS 24|AC  0|TAMS 0x00000000d5300000, 0x00000000d5300000|
| 340|0x00000000d5400000, 0x00000000d5400000, 0x00000000d5500000|  0%| F|  |TS 24|AC  0|TAMS 0x00000000d5400000, 0x00000000d5400000|

Card table byte_map: [0x00007f9197725000,0x00007f9197925000] byte_map_base: 0x00007f9197125000

Marking Bits (Prev, Next): (CMBitMap*) 0x00007f91b0042658, (CMBitMap*) 0x00007f91b0042620
 Prev Bits: [0x00007f9195525000, 0x00007f9196525000)
 Next Bits: [0x00007f9196525000, 0x00007f9197525000)

Polling page: 0x00007f91b86e2000

CodeHeap 'non-profiled nmethods': size=120036Kb used=6484Kb max_used=6484Kb free=113551Kb
 bounds [0x00007f919f5ec000, 0x00007f919fc4c000, 0x00007f91a6b25000]
CodeHeap 'profiled nmethods': size=120032Kb used=33166Kb max_used=33166Kb free=86866Kb
 bounds [0x00007f91980b4000, 0x00007f919a124000, 0x00007f919f5ec000]
CodeHeap 'non-nmethods': size=5692Kb used=2246Kb max_used=2285Kb free=3445Kb
 bounds [0x00007f9197b25000, 0x00007f9197d95000, 0x00007f91980b4000]
 total_blobs=18277 nmethods=14334 adapters=769
 compilation: enabled

Compilation events (10 events):
Event: 217,207 Thread 0x00007f91b0119800 15371       3       com.android.tools.r8.graph.DexDebugEventBuilder::emitLocalChangeEvents (262 bytes)
Event: 217,210 Thread 0x00007f91b0119800 nmethod 15371 0x00007f919a11bf90 code [0x00007f919a11c340, 0x00007f919a11dce8]
Event: 217,210 Thread 0x00007f91b0119800 15370       2       com.android.tools.r8.ir.code.Shl::fitsInDexInstruction (6 bytes)
Event: 217,222 Thread 0x00007f91b0119800 nmethod 15370 0x00007f919a11e510 code [0x00007f919a11e6c0, 0x00007f919a11e828]
Event: 217,239 Thread 0x00007f91b0119800 15372       2       com.android.tools.r8.graph.DexItemFactory$$Lambda$651/979785844::apply (15 bytes)
Event: 217,239 Thread 0x00007f91b0119800 nmethod 15372 0x00007f919a11e910 code [0x00007f919a11eac0, 0x00007f919a11ecb0]
Event: 217,239 Thread 0x00007f91b0119800 15373       2       com.android.tools.r8.graph.DexDebugEvent$RestartLocal::<init> (10 bytes)
Event: 217,240 Thread 0x00007f91b0119800 nmethod 15373 0x00007f919a11ed90 code [0x00007f919a11ef40, 0x00007f919a11f090]
Event: 217,250 Thread 0x00007f91b0119800 15374 %     3       com.android.tools.r8.ir.regalloc.RegisterMoveScheduler::schedule @ 18 (271 bytes)
Event: 217,255 Thread 0x00007f91b0119800 nmethod 15374% 0x00007f919a11f110 code [0x00007f919a11f500, 0x00007f919a121198]

GC Heap History (10 events):
Event: 210,998 GC heap after
{Heap after GC invocations=67 (full 0):
 garbage-first heap   total 291840K, used 132529K [0x00000000c0000000, 0x0000000100000000)
  region size 1024K, 11 young (11264K), 11 survivors (11264K)
 Metaspace       used 86915K, capacity 88845K, committed 89556K, reserved 1128448K
  class space    used 10207K, capacity 10956K, committed 10964K, reserved 1048576K
}
Event: 211,729 GC heap before
{Heap before GC invocations=67 (full 0):
 garbage-first heap   total 291840K, used 248241K [0x00000000c0000000, 0x0000000100000000)
  region size 1024K, 124 young (126976K), 11 survivors (11264K)
 Metaspace       used 86924K, capacity 88845K, committed 89556K, reserved 1128448K
  class space    used 10207K, capacity 10956K, committed 10964K, reserved 1048576K
}
Event: 211,825 GC heap after
{Heap after GC invocations=68 (full 0):
 garbage-first heap   total 349184K, used 134554K [0x00000000c0000000, 0x0000000100000000)
  region size 1024K, 9 young (9216K), 9 survivors (9216K)
 Metaspace       used 86924K, capacity 88845K, committed 89556K, reserved 1128448K
  class space    used 10207K, capacity 10956K, committed 10964K, reserved 1048576K
}
Event: 212,786 GC heap before
{Heap before GC invocations=68 (full 0):
 garbage-first heap   total 349184K, used 271770K [0x00000000c0000000, 0x0000000100000000)
  region size 1024K, 143 young (146432K), 9 survivors (9216K)
 Metaspace       used 86967K, capacity 88915K, committed 89556K, reserved 1128448K
  class space    used 10207K, capacity 10956K, committed 10964K, reserved 1048576K
}
Event: 212,826 GC heap after
{Heap after GC invocations=69 (full 0):
 garbage-first heap   total 349184K, used 134554K [0x00000000c0000000, 0x0000000100000000)
  region size 1024K, 9 young (9216K), 9 survivors (9216K)
 Metaspace       used 86967K, capacity 88915K, committed 89556K, reserved 1128448K
  class space    used 10207K, capacity 10956K, committed 10964K, reserved 1048576K
}
Event: 214,711 GC heap before
{Heap before GC invocations=69 (full 0):
 garbage-first heap   total 349184K, used 286106K [0x00000000c0000000, 0x0000000100000000)
  region size 1024K, 153 young (156672K), 9 survivors (9216K)
 Metaspace       used 87018K, capacity 88981K, committed 89556K, reserved 1128448K
  class space    used 10207K, capacity 10956K, committed 10964K, reserved 1048576K
}
Event: 214,766 GC heap after
{Heap after GC invocations=70 (full 0):
 garbage-first heap   total 349184K, used 136090K [0x00000000c0000000, 0x0000000100000000)
  region size 1024K, 11 young (11264K), 11 survivors (11264K)
 Metaspace       used 87018K, capacity 88981K, committed 89556K, reserved 1128448K
  class space    used 10207K, capacity 10956K, committed 10964K, reserved 1048576K
}
Event: 216,148 GC heap before
{Heap before GC invocations=70 (full 0):
 garbage-first heap   total 349184K, used 286618K [0x00000000c0000000, 0x0000000100000000)
  region size 1024K, 158 young (161792K), 11 survivors (11264K)
 Metaspace       used 87043K, capacity 89047K, committed 89556K, reserved 1128448K
  class space    used 10207K, capacity 10956K, committed 10964K, reserved 1048576K
}
Event: 216,233 GC heap after
{Heap after GC invocations=71 (full 0):
 garbage-first heap   total 349184K, used 135066K [0x00000000c0000000, 0x0000000100000000)
  region size 1024K, 10 young (10240K), 10 survivors (10240K)
 Metaspace       used 87043K, capacity 89047K, committed 89556K, reserved 1128448K
  class space    used 10207K, capacity 10956K, committed 10964K, reserved 1048576K
}
Event: 217,410 GC heap before
{Heap before GC invocations=71 (full 0):
 garbage-first heap   total 349184K, used 295834K [0x00000000c0000000, 0x0000000100000000)
  region size 1024K, 167 young (171008K), 10 survivors (10240K)
 Metaspace       used 87067K, capacity 89048K, committed 89556K, reserved 1128448K
  class space    used 10207K, capacity 10956K, committed 10964K, reserved 1048576K
}

Deoptimization events (10 events):
Event: 209,726 Thread 0x00005644e3d45000 Uncommon trap: reason=class_check action=maybe_recompile pc=0x00007f919fb9fca4 method=java.util.ArrayList.forEach(Ljava/util/function/Consumer;)V @ 46 c2
Event: 212,572 Thread 0x00005644e3d45000 Uncommon trap: reason=class_check action=maybe_recompile pc=0x00007f919fb9fca4 method=java.util.ArrayList.forEach(Ljava/util/function/Consumer;)V @ 46 c2
Event: 213,122 Thread 0x00005644e3d45000 Uncommon trap: reason=class_check action=maybe_recompile pc=0x00007f919fb9fca4 method=java.util.ArrayList.forEach(Ljava/util/function/Consumer;)V @ 46 c2
Event: 213,305 Thread 0x00005644e3d45000 Uncommon trap: reason=class_check action=maybe_recompile pc=0x00007f919fb9fca4 method=java.util.ArrayList.forEach(Ljava/util/function/Consumer;)V @ 46 c2
Event: 216,542 Thread 0x00005644e3d45000 Uncommon trap: reason=unstable_if action=reinterpret pc=0x00007f919f72fa20 method=com.android.tools.r8.utils.IdentifierUtils.isSimpleNameChar(I)Z @ 45 c2
Event: 216,774 Thread 0x00005644e3d45000 Uncommon trap: reason=range_check action=make_not_entrant pc=0x00007f919fc3f078 method=com.android.tools.r8.graph.DexString.slowCompareTo(Lcom/android/tools/r8/graph/DexString;)I @ 7 c2
Event: 216,909 Thread 0x00005644e3d3b800 Uncommon trap: reason=array_check action=maybe_recompile pc=0x00007f919fc3cab0 method=java.util.TimSort.reverseRange([Ljava/lang/Object;II)V @ 27 c2
Event: 216,909 Thread 0x00005644e3d3b800 Uncommon trap: reason=array_check action=maybe_recompile pc=0x00007f919fc3c4b0 method=java.util.TimSort.binarySort([Ljava/lang/Object;IIILjava/util/Comparator;)V @ 183 c2
Event: 216,909 Thread 0x00005644e3d3b800 Uncommon trap: reason=array_check action=maybe_recompile pc=0x00007f919fc3c4b0 method=java.util.TimSort.binarySort([Ljava/lang/Object;IIILjava/util/Comparator;)V @ 183 c2
Event: 216,912 Thread 0x00005644e3d3b800 Uncommon trap: reason=array_check action=maybe_recompile pc=0x00007f919fc3cab0 method=java.util.TimSort.reverseRange([Ljava/lang/Object;II)V @ 27 c2

Classes redefined (0 events):
No events

Internal exceptions (10 events):
Event: 200,828 Thread 0x00005644e3d3b800 Exception <a 'java/lang/NoSuchMethodError'{0x00000000caa3e480}: java.lang.Object.lambda$comparingInt$7b0bb60$1(Ljava/util/function/ToIntFunction;Ljava/lang/Object;Ljava/lang/Object;)I> (0x00000000caa3e480) thrown at [/build/openjdk-lts-Ae5PRQ/openjdk-lts-
Event: 200,828 Thread 0x00005644e3d45000 Exception <a 'java/lang/NoSuchMethodError'{0x00000000caba29f0}: java.lang.Object.lambda$comparingInt$7b0bb60$1(Ljava/util/function/ToIntFunction;Ljava/lang/Object;Ljava/lang/Object;)I> (0x00000000caba29f0) thrown at [/build/openjdk-lts-Ae5PRQ/openjdk-lts-
Event: 200,855 Thread 0x00005644e3d3b800 Exception <a 'java/lang/NoSuchMethodError'{0x00000000ca918888}: method resolution failed> (0x00000000ca918888) thrown at [/build/openjdk-lts-Ae5PRQ/openjdk-lts-10.0.2+13/src/hotspot/share/prims/methodHandles.cpp, line 1226]
Event: 201,095 Thread 0x00005644e3d45000 Implicit null exception at 0x00007f919f74e39b to 0x00007f919f74e5da
Event: 201,416 Thread 0x00005644e3d45000 Exception <a 'java/lang/NoSuchMethodError'{0x00000000c9e3f9e8}: java.lang.invoke.DirectMethodHandle$Holder.invokeInterface(Ljava/lang/Object;Ljava/lang/Object;I)Ljava/lang/Object;> (0x00000000c9e3f9e8) thrown at [/build/openjdk-lts-Ae5PRQ/openjdk-lts-10.0
Event: 203,309 Thread 0x00007f9134c06000 Exception <a 'java/io/IOException'{0x00000000caa66498}> (0x00000000caa66498) thrown at [/build/openjdk-lts-Ae5PRQ/openjdk-lts-10.0.2+13/src/hotspot/share/prims/jni.cpp, line 611]
Event: 208,309 Thread 0x00007f9134c06000 Exception <a 'java/io/IOException'{0x00000000ccb03390}> (0x00000000ccb03390) thrown at [/build/openjdk-lts-Ae5PRQ/openjdk-lts-10.0.2+13/src/hotspot/share/prims/jni.cpp, line 611]
Event: 209,524 Thread 0x00005644e3d3b800 Implicit null exception at 0x00007f919fbeba90 to 0x00007f919fbef81e
Event: 210,382 Thread 0x00005644e3d45000 Exception <a 'java/lang/NoSuchMethodError'{0x00000000ceeb3ff0}: java.lang.invoke.DirectMethodHandle$Holder.invokeVirtual(Ljava/lang/Object;Ljava/lang/Object;I)V> (0x00000000ceeb3ff0) thrown at [/build/openjdk-lts-Ae5PRQ/openjdk-lts-10.0.2+13/src/hotspot/s
Event: 213,308 Thread 0x00007f9134c06000 Exception <a 'java/io/IOException'{0x00000000d1e80fa8}> (0x00000000d1e80fa8) thrown at [/build/openjdk-lts-Ae5PRQ/openjdk-lts-10.0.2+13/src/hotspot/share/prims/jni.cpp, line 611]

Events (10 events):
Event: 216,909 Thread 0x00005644e3d3b800 Uncommon trap: trap_request=0xffffffd6 fr.pc=0x00007f919fc3c4b0 relative=0x0000000000002610
Event: 216,909 Thread 0x00005644e3d3b800 DEOPT PACKING pc=0x00007f919fc3c4b0 sp=0x00007f9132ff9ee0
Event: 216,909 Thread 0x00005644e3d3b800 DEOPT UNPACKING pc=0x00007f9197b4cf25 sp=0x00007f9132ff9e10 mode 2
Event: 216,909 Thread 0x00005644e3d3b800 Uncommon trap: trap_request=0xffffffd6 fr.pc=0x00007f919fc3c4b0 relative=0x0000000000002610
Event: 216,909 Thread 0x00005644e3d3b800 DEOPT PACKING pc=0x00007f919fc3c4b0 sp=0x00007f9132ff9ee0
Event: 216,912 Thread 0x00005644e3d3b800 DEOPT UNPACKING pc=0x00007f9197b4cf25 sp=0x00007f9132ff9e10 mode 2
Event: 216,912 Thread 0x00005644e3d3b800 Uncommon trap: trap_request=0xffffffd6 fr.pc=0x00007f919fc3cab0 relative=0x0000000000002c10
Event: 216,912 Thread 0x00005644e3d3b800 DEOPT PACKING pc=0x00007f919fc3cab0 sp=0x00007f9132ff9d50
Event: 216,912 Thread 0x00005644e3d3b800 DEOPT UNPACKING pc=0x00007f9197b4cf25 sp=0x00007f9132ff9c28 mode 2
Event: 217,393 Executing VM operation: G1IncCollectionPause


Dynamic libraries:
c0000000-d5500000 rw-p 00000000 00:00 0 
d9900000-100000000 ---p 00000000 00:00 0 
100000000-100ab5000 rw-p 00000000 00:00 0 
100ab5000-140000000 ---p 00000000 00:00 0 
5644e2f8a000-5644e2f8b000 r-xp 00000000 08:01 22386                      /usr/lib/jvm/java-11-openjdk-amd64/bin/java
5644e318b000-5644e318c000 r--p 00001000 08:01 22386                      /usr/lib/jvm/java-11-openjdk-amd64/bin/java
5644e318c000-5644e318d000 rw-p 00002000 08:01 22386                      /usr/lib/jvm/java-11-openjdk-amd64/bin/java
5644e3d02000-5644e3f88000 rw-p 00000000 00:00 0                          [heap]
7f91323fa000-7f91324ba000 rw-p 00000000 00:00 0 
7f91324ba000-7f91325fa000 ---p 00000000 00:00 0 
7f91325fa000-7f91327fa000 rw-p 00000000 00:00 0 
7f91327fa000-7f91329fa000 rw-p 00000000 00:00 0 
7f91329fa000-7f9132bfa000 rw-p 00000000 00:00 0 
7f9132bfa000-7f9132dfa000 rw-p 00000000 00:00 0 
7f9132dfa000-7f9132dfe000 ---p 00000000 00:00 0 
7f9132dfe000-7f9132efb000 rw-p 00000000 00:00 0 
7f9132efb000-7f9132eff000 ---p 00000000 00:00 0 
7f9132eff000-7f91331fc000 rw-p 00000000 00:00 0 
7f91331fc000-7f91333fc000 rw-p 00000000 00:00 0 
7f91333fc000-7f91335fc000 rw-p 00000000 00:00 0 
7f91335fc000-7f91337fc000 rw-p 00000000 00:00 0 
7f91337fc000-7f91339fc000 rw-p 00000000 00:00 0 
7f91339fc000-7f9133a00000 ---p 00000000 00:00 0 
7f9133a00000-7f9133cfd000 rw-p 00000000 00:00 0 
7f9133cfd000-7f9133d01000 ---p 00000000 00:00 0 
7f9133d01000-7f9133dfe000 rw-p 00000000 00:00 0 
7f9133dfe000-7f9133e02000 ---p 00000000 00:00 0 
7f9133e02000-7f9133eff000 rw-p 00000000 00:00 0 
7f9133eff000-7f9133f03000 ---p 00000000 00:00 0 
7f9133f03000-7f9134000000 rw-p 00000000 00:00 0 
7f9134000000-7f91373be000 rw-p 00000000 00:00 0 
7f91373be000-7f9138000000 ---p 00000000 00:00 0 
7f9138000000-7f913803e000 rw-p 00000000 00:00 0 
7f913803e000-7f913c000000 ---p 00000000 00:00 0 
7f913c000000-7f913d119000 rw-p 00000000 00:00 0 
7f913d119000-7f9140000000 ---p 00000000 00:00 0 
7f9140000000-7f9140021000 rw-p 00000000 00:00 0 
7f9140021000-7f9144000000 ---p 00000000 00:00 0 
7f91440eb000-7f91440ef000 ---p 00000000 00:00 0 
7f91440ef000-7f91441ec000 rw-p 00000000 00:00 0 
7f91441ec000-7f91441f0000 ---p 00000000 00:00 0 
7f91441f0000-7f91444ed000 rw-p 00000000 00:00 0 
7f91444ed000-7f91446ed000 rw-p 00000000 00:00 0 
7f91446ed000-7f91448ed000 rw-p 00000000 00:00 0 
7f91448ed000-7f9144aed000 rw-p 00000000 00:00 0 
7f9144aed000-7f9144ced000 rw-p 00000000 00:00 0 
7f9144ced000-7f9144eed000 rw-p 00000000 00:00 0 
7f9144eed000-7f91450ed000 rw-p 00000000 00:00 0 
7f91450ed000-7f91452ed000 rw-p 00000000 00:00 0 
7f91452ed000-7f91454ed000 rw-p 00000000 00:00 0 
7f91454ed000-7f91454f1000 ---p 00000000 00:00 0 
7f91454f1000-7f91457ee000 rw-p 00000000 00:00 0 
7f91457ee000-7f91459ee000 rw-p 00000000 00:00 0 
7f91459ee000-7f9145bee000 rw-p 00000000 00:00 0 
7f9145bee000-7f9145bf2000 ---p 00000000 00:00 0 
7f9145bf2000-7f9145cef000 rw-p 00000000 00:00 0 
7f9145cef000-7f9145cf3000 ---p 00000000 00:00 0 
7f9145cf3000-7f9145df0000 rw-p 00000000 00:00 0 
7f9145df0000-7f9145df4000 ---p 00000000 00:00 0 
7f9145df4000-7f91460f1000 rw-p 00000000 00:00 0 
7f91460f1000-7f91460f5000 ---p 00000000 00:00 0 
7f91460f5000-7f91463f2000 rw-p 00000000 00:00 0 
7f91463f2000-7f91463f6000 ---p 00000000 00:00 0 
7f91463f6000-7f91466f3000 rw-p 00000000 00:00 0 
7f91466f3000-7f91468f3000 rw-p 00000000 00:00 0 
7f91468f3000-7f9146af3000 rw-p 00000000 00:00 0 
7f9146af3000-7f9146cf3000 rw-p 00000000 00:00 0 
7f9146cf3000-7f9146ef3000 rw-p 00000000 00:00 0 
7f9146ef3000-7f9146ef7000 ---p 00000000 00:00 0 
7f9146ef7000-7f91471f4000 rw-p 00000000 00:00 0 
7f91471f4000-7f91471f8000 ---p 00000000 00:00 0 
7f91471f8000-7f91472f5000 rw-p 00000000 00:00 0 
7f91472f5000-7f91472f9000 ---p 00000000 00:00 0 
7f91472f9000-7f91475f6000 rw-p 00000000 00:00 0 
7f91475f6000-7f91475fa000 ---p 00000000 00:00 0 
7f91475fa000-7f91476f7000 rw-p 00000000 00:00 0 
7f91476f7000-7f91476fb000 ---p 00000000 00:00 0 
7f91476fb000-7f91477f8000 rw-p 00000000 00:00 0 
7f91477f8000-7f91477fc000 ---p 00000000 00:00 0 
7f91477fc000-7f91478f9000 rw-p 00000000 00:00 0 
7f91478f9000-7f91478fd000 ---p 00000000 00:00 0 
7f91478fd000-7f91479fa000 rw-p 00000000 00:00 0 
7f91479fa000-7f91479fe000 ---p 00000000 00:00 0 
7f91479fe000-7f9147afb000 rw-p 00000000 00:00 0 
7f9147afb000-7f9147aff000 ---p 00000000 00:00 0 
7f9147aff000-7f9147bfc000 rw-p 00000000 00:00 0 
7f9147bfc000-7f9147c00000 ---p 00000000 00:00 0 
7f9147c00000-7f9147cfd000 rw-p 00000000 00:00 0 
7f9147cfd000-7f9147d01000 ---p 00000000 00:00 0 
7f9147d01000-7f9147dfe000 rw-p 00000000 00:00 0 
7f9147dfe000-7f9147dff000 r-xp 00000000 08:01 437605                     /usr/lib/jvm/java-11-openjdk-amd64/lib/libextnet.so
7f9147dff000-7f9147ffe000 ---p 00001000 08:01 437605                     /usr/lib/jvm/java-11-openjdk-amd64/lib/libextnet.so
7f9147ffe000-7f9147fff000 r--p 00000000 08:01 437605                     /usr/lib/jvm/java-11-openjdk-amd64/lib/libextnet.so
7f9147fff000-7f9148000000 rw-p 00001000 08:01 437605                     /usr/lib/jvm/java-11-openjdk-amd64/lib/libextnet.so
7f9148000000-7f9148021000 rw-p 00000000 00:00 0 
7f9148021000-7f914c000000 ---p 00000000 00:00 0 
7f914c000000-7f914c028000 rw-p 00000000 00:00 0 
7f914c028000-7f9150000000 ---p 00000000 00:00 0 
7f9150000000-7f9150ce1000 rw-p 00000000 00:00 0 
7f9150ce1000-7f9154000000 ---p 00000000 00:00 0 
7f9154000000-7f9154021000 rw-p 00000000 00:00 0 
7f9154021000-7f9158000000 ---p 00000000 00:00 0 
7f9158000000-7f9158021000 rw-p 00000000 00:00 0 
7f9158021000-7f915c000000 ---p 00000000 00:00 0 
7f915c000000-7f915df40000 rw-p 00000000 00:00 0 
7f915df40000-7f9160000000 ---p 00000000 00:00 0 
7f9160000000-7f9160021000 rw-p 00000000 00:00 0 
7f9160021000-7f9164000000 ---p 00000000 00:00 0 
7f9164000000-7f9164021000 rw-p 00000000 00:00 0 
7f9164021000-7f9168000000 ---p 00000000 00:00 0 
7f9168000000-7f9168021000 rw-p 00000000 00:00 0 
7f9168021000-7f916c000000 ---p 00000000 00:00 0 
7f916c000000-7f916c407000 rw-p 00000000 00:00 0 
7f916c407000-7f9170000000 ---p 00000000 00:00 0 
7f9170000000-7f9170048000 rw-p 00000000 00:00 0 
7f9170048000-7f9174000000 ---p 00000000 00:00 0 
7f9174000000-7f9174021000 rw-p 00000000 00:00 0 
7f9174021000-7f9178000000 ---p 00000000 00:00 0 
7f9178000000-7f9178094000 rw-p 00000000 00:00 0 
7f9178094000-7f917c000000 ---p 00000000 00:00 0 
7f917c0f1000-7f917c2f1000 rw-p 00000000 00:00 0 
7f917c2f1000-7f917c2f6000 r-xp 00000000 08:01 437622                     /usr/lib/jvm/java-11-openjdk-amd64/lib/libmanagement_ext.so
7f917c2f6000-7f917c4f5000 ---p 00005000 08:01 437622                     /usr/lib/jvm/java-11-openjdk-amd64/lib/libmanagement_ext.so
7f917c4f5000-7f917c4f6000 r--p 00004000 08:01 437622                     /usr/lib/jvm/java-11-openjdk-amd64/lib/libmanagement_ext.so
7f917c4f6000-7f917c4f7000 rw-p 00005000 08:01 437622                     /usr/lib/jvm/java-11-openjdk-amd64/lib/libmanagement_ext.so
7f917c4f7000-7f917c4fb000 r-xp 00000000 08:01 437620                     /usr/lib/jvm/java-11-openjdk-amd64/lib/libmanagement.so
7f917c4fb000-7f917c6fa000 ---p 00004000 08:01 437620                     /usr/lib/jvm/java-11-openjdk-amd64/lib/libmanagement.so
7f917c6fa000-7f917c6fb000 r--p 00003000 08:01 437620                     /usr/lib/jvm/java-11-openjdk-amd64/lib/libmanagement.so
7f917c6fb000-7f917c6fc000 rw-p 00004000 08:01 437620                     /usr/lib/jvm/java-11-openjdk-amd64/lib/libmanagement.so
7f917c6fc000-7f917c8fc000 rw-p 00000000 00:00 0 
7f917c8fc000-7f917cafc000 rw-p 00000000 00:00 0 
7f917cafc000-7f917cb01000 r-xp 00000000 08:01 308891                     /home/jrwmacedo/.gradle/native/25/linux-amd64/libnative-platform.so
7f917cb01000-7f917cd00000 ---p 00005000 08:01 308891                     /home/jrwmacedo/.gradle/native/25/linux-amd64/libnative-platform.so
7f917cd00000-7f917cd01000 rw-p 00004000 08:01 308891                     /home/jrwmacedo/.gradle/native/25/linux-amd64/libnative-platform.so
7f917cd01000-7f917cd18000 r-xp 00000000 08:01 437624                     /usr/lib/jvm/java-11-openjdk-amd64/lib/libnet.so
7f917cd18000-7f917cf17000 ---p 00017000 08:01 437624                     /usr/lib/jvm/java-11-openjdk-amd64/lib/libnet.so
7f917cf17000-7f917cf18000 r--p 00016000 08:01 437624                     /usr/lib/jvm/java-11-openjdk-amd64/lib/libnet.so
7f917cf18000-7f917cf19000 rw-p 00017000 08:01 437624                     /usr/lib/jvm/java-11-openjdk-amd64/lib/libnet.so
7f917cf19000-7f917cf2a000 r-xp 00000000 08:01 437625                     /usr/lib/jvm/java-11-openjdk-amd64/lib/libnio.so
7f917cf2a000-7f917d129000 ---p 00011000 08:01 437625                     /usr/lib/jvm/java-11-openjdk-amd64/lib/libnio.so
7f917d129000-7f917d12a000 r--p 00010000 08:01 437625                     /usr/lib/jvm/java-11-openjdk-amd64/lib/libnio.so
7f917d12a000-7f917d12b000 rw-p 00011000 08:01 437625                     /usr/lib/jvm/java-11-openjdk-amd64/lib/libnio.so
7f917d12b000-7f917d12f000 ---p 00000000 00:00 0 
7f917d12f000-7f917d22c000 rw-p 00000000 00:00 0 
7f917d22c000-7f917d22d000 ---p 00000000 00:00 0 
7f917d22d000-7f917d32e000 rw-p 00000000 00:00 0 
7f917d32e000-7f917d332000 ---p 00000000 00:00 0 
7f917d332000-7f917d42f000 rw-p 00000000 00:00 0 
7f917d42f000-7f917d433000 ---p 00000000 00:00 0 
7f917d433000-7f917d530000 rw-p 00000000 00:00 0 
7f917d530000-7f917d534000 ---p 00000000 00:00 0 
7f917d534000-7f917d631000 rw-p 00000000 00:00 0 
7f917d631000-7f917e000000 r--p 00000000 08:01 2771                       /usr/lib/locale/locale-archive
7f917e000000-7f9180000000 rw-p 00000000 00:00 0 
7f9180000000-7f9180021000 rw-p 00000000 00:00 0 
7f9180021000-7f9184000000 ---p 00000000 00:00 0 
7f9184000000-7f918402f000 rw-p 00000000 00:00 0 
7f918402f000-7f9188000000 ---p 00000000 00:00 0 
7f9188000000-7f918808a000 rw-p 00000000 00:00 0 
7f918808a000-7f918c000000 ---p 00000000 00:00 0 
7f918c000000-7f918c073000 rw-p 00000000 00:00 0 
7f918c073000-7f9190000000 ---p 00000000 00:00 0 
7f9190000000-7f9190067000 rw-p 00000000 00:00 0 
7f9190067000-7f9194000000 ---p 00000000 00:00 0 
7f9194012000-7f9194016000 ---p 00000000 00:00 0 
7f9194016000-7f9194113000 rw-p 00000000 00:00 0 
7f9194113000-7f9194117000 ---p 00000000 00:00 0 
7f9194117000-7f9194214000 rw-p 00000000 00:00 0 
7f9194214000-7f9194218000 ---p 00000000 00:00 0 
7f9194218000-7f9194315000 rw-p 00000000 00:00 0 
7f9194315000-7f9194319000 ---p 00000000 00:00 0 
7f9194319000-7f9194416000 rw-p 00000000 00:00 0 
7f9194416000-7f9194417000 ---p 00000000 00:00 0 
7f9194417000-7f9194d18000 rw-p 00000000 00:00 0 
7f9194d18000-7f9194d19000 ---p 00000000 00:00 0 
7f9194d19000-7f9194e1a000 rw-p 00000000 00:00 0 
7f9194e1a000-7f9194e1b000 ---p 00000000 00:00 0 
7f9194e1b000-7f9194f1c000 rw-p 00000000 00:00 0 
7f9194f1c000-7f9194f1d000 ---p 00000000 00:00 0 
7f9194f1d000-7f919501e000 rw-p 00000000 00:00 0 
7f919501e000-7f919501f000 ---p 00000000 00:00 0 
7f919501f000-7f9195423000 rw-p 00000000 00:00 0 
7f9195423000-7f9195424000 ---p 00000000 00:00 0 
7f9195424000-7f9195a79000 rw-p 00000000 00:00 0 
7f9195a79000-7f9196525000 ---p 00000000 00:00 0 
7f9196525000-7f9196a79000 rw-p 00000000 00:00 0 
7f9196a79000-7f9197525000 ---p 00000000 00:00 0 
7f9197525000-7f91975d0000 rw-p 00000000 00:00 0 
7f91975d0000-7f9197725000 ---p 00000000 00:00 0 
7f9197725000-7f91977d0000 rw-p 00000000 00:00 0 
7f91977d0000-7f9197925000 ---p 00000000 00:00 0 
7f9197925000-7f91979d0000 rw-p 00000000 00:00 0 
7f91979d0000-7f9197b25000 ---p 00000000 00:00 0 
7f9197b25000-7f9197d95000 rwxp 00000000 00:00 0 
7f9197d95000-7f91980b4000 ---p 00000000 00:00 0 
7f91980b4000-7f919a124000 rwxp 00000000 00:00 0 
7f919a124000-7f919f5ec000 ---p 00000000 00:00 0 
7f919f5ec000-7f919fc4c000 rwxp 00000000 00:00 0 
7f919fc4c000-7f91a6b25000 ---p 00000000 00:00 0 
7f91a6b25000-7f91b0000000 r--s 00000000 08:01 437634                     /usr/lib/jvm/java-11-openjdk-amd64/lib/modules
7f91b0000000-7f91b1006000 rw-p 00000000 00:00 0 
7f91b1006000-7f91b4000000 ---p 00000000 00:00 0 
7f91b4016000-7f91b40e7000 rw-p 00000000 00:00 0 
7f91b40e7000-7f91b40e8000 ---p 00000000 00:00 0 
7f91b40e8000-7f91b44ec000 rw-p 00000000 00:00 0 
7f91b44ec000-7f91b44ed000 ---p 00000000 00:00 0 
7f91b44ed000-7f91b45ee000 rw-p 00000000 00:00 0 
7f91b45ee000-7f91b45ef000 ---p 00000000 00:00 0 
7f91b45ef000-7f91b46f0000 rw-p 00000000 00:00 0 
7f91b46f0000-7f91b46f1000 ---p 00000000 00:00 0 
7f91b46f1000-7f91b47ff000 rw-p 00000000 00:00 0 
7f91b47ff000-7f91b48dd000 ---p 00000000 00:00 0 
7f91b48dd000-7f91b491e000 rw-p 00000000 00:00 0 
7f91b491e000-7f91b49c8000 ---p 00000000 00:00 0 
7f91b49c8000-7f91b49cd000 r-xp 00000000 08:01 437616                     /usr/lib/jvm/java-11-openjdk-amd64/lib/libjimage.so
7f91b49cd000-7f91b4bcc000 ---p 00005000 08:01 437616                     /usr/lib/jvm/java-11-openjdk-amd64/lib/libjimage.so
7f91b4bcc000-7f91b4bcd000 r--p 00004000 08:01 437616                     /usr/lib/jvm/java-11-openjdk-amd64/lib/libjimage.so
7f91b4bcd000-7f91b4bce000 rw-p 00005000 08:01 437616                     /usr/lib/jvm/java-11-openjdk-amd64/lib/libjimage.so
7f91b4bce000-7f91b4bd5000 r-xp 00000000 08:01 437633                     /usr/lib/jvm/java-11-openjdk-amd64/lib/libzip.so
7f91b4bd5000-7f91b4dd4000 ---p 00007000 08:01 437633                     /usr/lib/jvm/java-11-openjdk-amd64/lib/libzip.so
7f91b4dd4000-7f91b4dd5000 r--p 00006000 08:01 437633                     /usr/lib/jvm/java-11-openjdk-amd64/lib/libzip.so
7f91b4dd5000-7f91b4dd6000 rw-p 00007000 08:01 437633                     /usr/lib/jvm/java-11-openjdk-amd64/lib/libzip.so
7f91b4dd6000-7f91b4de1000 r-xp 00000000 08:01 400325                     /lib/x86_64-linux-gnu/libnss_files-2.27.so
7f91b4de1000-7f91b4fe0000 ---p 0000b000 08:01 400325                     /lib/x86_64-linux-gnu/libnss_files-2.27.so
7f91b4fe0000-7f91b4fe1000 r--p 0000a000 08:01 400325                     /lib/x86_64-linux-gnu/libnss_files-2.27.so
7f91b4fe1000-7f91b4fe2000 rw-p 0000b000 08:01 400325                     /lib/x86_64-linux-gnu/libnss_files-2.27.so
7f91b4fe2000-7f91b4fe8000 rw-p 00000000 00:00 0 
7f91b4fe8000-7f91b4fff000 r-xp 00000000 08:01 400319                     /lib/x86_64-linux-gnu/libnsl-2.27.so
7f91b4fff000-7f91b51fe000 ---p 00017000 08:01 400319                     /lib/x86_64-linux-gnu/libnsl-2.27.so
7f91b51fe000-7f91b51ff000 r--p 00016000 08:01 400319                     /lib/x86_64-linux-gnu/libnsl-2.27.so
7f91b51ff000-7f91b5200000 rw-p 00017000 08:01 400319                     /lib/x86_64-linux-gnu/libnsl-2.27.so
7f91b5200000-7f91b5202000 rw-p 00000000 00:00 0 
7f91b5202000-7f91b520d000 r-xp 00000000 08:01 400336                     /lib/x86_64-linux-gnu/libnss_nis-2.27.so
7f91b520d000-7f91b540c000 ---p 0000b000 08:01 400336                     /lib/x86_64-linux-gnu/libnss_nis-2.27.so
7f91b540c000-7f91b540d000 r--p 0000a000 08:01 400336                     /lib/x86_64-linux-gnu/libnss_nis-2.27.so
7f91b540d000-7f91b540e000 rw-p 0000b000 08:01 400336                     /lib/x86_64-linux-gnu/libnss_nis-2.27.so
7f91b540e000-7f91b5416000 r-xp 00000000 08:01 400321                     /lib/x86_64-linux-gnu/libnss_compat-2.27.so
7f91b5416000-7f91b5616000 ---p 00008000 08:01 400321                     /lib/x86_64-linux-gnu/libnss_compat-2.27.so
7f91b5616000-7f91b5617000 r--p 00008000 08:01 400321                     /lib/x86_64-linux-gnu/libnss_compat-2.27.so
7f91b5617000-7f91b5618000 rw-p 00009000 08:01 400321                     /lib/x86_64-linux-gnu/libnss_compat-2.27.so
7f91b5618000-7f91b5644000 r-xp 00000000 08:01 437612                     /usr/lib/jvm/java-11-openjdk-amd64/lib/libjava.so
7f91b5644000-7f91b5843000 ---p 0002c000 08:01 437612                     /usr/lib/jvm/java-11-openjdk-amd64/lib/libjava.so
7f91b5843000-7f91b5844000 r--p 0002b000 08:01 437612                     /usr/lib/jvm/java-11-openjdk-amd64/lib/libjava.so
7f91b5844000-7f91b5846000 rw-p 0002c000 08:01 437612                     /usr/lib/jvm/java-11-openjdk-amd64/lib/libjava.so
7f91b5846000-7f91b5853000 r-xp 00000000 08:01 437632                     /usr/lib/jvm/java-11-openjdk-amd64/lib/libverify.so
7f91b5853000-7f91b5a52000 ---p 0000d000 08:01 437632                     /usr/lib/jvm/java-11-openjdk-amd64/lib/libverify.so
7f91b5a52000-7f91b5a54000 r--p 0000c000 08:01 437632                     /usr/lib/jvm/java-11-openjdk-amd64/lib/libverify.so
7f91b5a54000-7f91b5a55000 rw-p 0000e000 08:01 437632                     /usr/lib/jvm/java-11-openjdk-amd64/lib/libverify.so
7f91b5a55000-7f91b5a5c000 r-xp 00000000 08:01 400376                     /lib/x86_64-linux-gnu/librt-2.27.so
7f91b5a5c000-7f91b5c5b000 ---p 00007000 08:01 400376                     /lib/x86_64-linux-gnu/librt-2.27.so
7f91b5c5b000-7f91b5c5c000 r--p 00006000 08:01 400376                     /lib/x86_64-linux-gnu/librt-2.27.so
7f91b5c5c000-7f91b5c5d000 rw-p 00007000 08:01 400376                     /lib/x86_64-linux-gnu/librt-2.27.so
7f91b5c5d000-7f91b5c74000 r-xp 00000000 08:01 400187                     /lib/x86_64-linux-gnu/libgcc_s.so.1
7f91b5c74000-7f91b5e73000 ---p 00017000 08:01 400187                     /lib/x86_64-linux-gnu/libgcc_s.so.1
7f91b5e73000-7f91b5e74000 r--p 00016000 08:01 400187                     /lib/x86_64-linux-gnu/libgcc_s.so.1
7f91b5e74000-7f91b5e75000 rw-p 00017000 08:01 400187                     /lib/x86_64-linux-gnu/libgcc_s.so.1
7f91b5e75000-7f91b6012000 r-xp 00000000 08:01 400298                     /lib/x86_64-linux-gnu/libm-2.27.so
7f91b6012000-7f91b6211000 ---p 0019d000 08:01 400298                     /lib/x86_64-linux-gnu/libm-2.27.so
7f91b6211000-7f91b6212000 r--p 0019c000 08:01 400298                     /lib/x86_64-linux-gnu/libm-2.27.so
7f91b6212000-7f91b6213000 rw-p 0019d000 08:01 400298                     /lib/x86_64-linux-gnu/libm-2.27.so
7f91b6213000-7f91b638c000 r-xp 00000000 08:01 312                        /usr/lib/x86_64-linux-gnu/libstdc++.so.6.0.25
7f91b638c000-7f91b658c000 ---p 00179000 08:01 312                        /usr/lib/x86_64-linux-gnu/libstdc++.so.6.0.25
7f91b658c000-7f91b6596000 r--p 00179000 08:01 312                        /usr/lib/x86_64-linux-gnu/libstdc++.so.6.0.25
7f91b6596000-7f91b6598000 rw-p 00183000 08:01 312                        /usr/lib/x86_64-linux-gnu/libstdc++.so.6.0.25
7f91b6598000-7f91b659c000 rw-p 00000000 00:00 0 
7f91b659c000-7f91b7539000 r-xp 00000000 08:01 567039                     /usr/lib/jvm/java-11-openjdk-amd64/lib/server/libjvm.so
7f91b7539000-7f91b7739000 ---p 00f9d000 08:01 567039                     /usr/lib/jvm/java-11-openjdk-amd64/lib/server/libjvm.so
7f91b7739000-7f91b77fd000 r--p 00f9d000 08:01 567039                     /usr/lib/jvm/java-11-openjdk-amd64/lib/server/libjvm.so
7f91b77fd000-7f91b7835000 rw-p 01061000 08:01 567039                     /usr/lib/jvm/java-11-openjdk-amd64/lib/server/libjvm.so
7f91b7835000-7f91b787e000 rw-p 00000000 00:00 0 
7f91b787e000-7f91b7898000 r-xp 00000000 08:01 400368                     /lib/x86_64-linux-gnu/libpthread-2.27.so
7f91b7898000-7f91b7a97000 ---p 0001a000 08:01 400368                     /lib/x86_64-linux-gnu/libpthread-2.27.so
7f91b7a97000-7f91b7a98000 r--p 00019000 08:01 400368                     /lib/x86_64-linux-gnu/libpthread-2.27.so
7f91b7a98000-7f91b7a99000 rw-p 0001a000 08:01 400368                     /lib/x86_64-linux-gnu/libpthread-2.27.so
7f91b7a99000-7f91b7a9d000 rw-p 00000000 00:00 0 
7f91b7a9d000-7f91b7aa0000 r-xp 00000000 08:01 400258                     /lib/x86_64-linux-gnu/libdl-2.27.so
7f91b7aa0000-7f91b7c9f000 ---p 00003000 08:01 400258                     /lib/x86_64-linux-gnu/libdl-2.27.so
7f91b7c9f000-7f91b7ca0000 r--p 00002000 08:01 400258                     /lib/x86_64-linux-gnu/libdl-2.27.so
7f91b7ca0000-7f91b7ca1000 rw-p 00003000 08:01 400258                     /lib/x86_64-linux-gnu/libdl-2.27.so
7f91b7ca1000-7f91b7cbd000 r-xp 00000000 08:01 400407                     /lib/x86_64-linux-gnu/libz.so.1.2.11
7f91b7cbd000-7f91b7ebc000 ---p 0001c000 08:01 400407                     /lib/x86_64-linux-gnu/libz.so.1.2.11
7f91b7ebc000-7f91b7ebd000 r--p 0001b000 08:01 400407                     /lib/x86_64-linux-gnu/libz.so.1.2.11
7f91b7ebd000-7f91b7ebe000 rw-p 0001c000 08:01 400407                     /lib/x86_64-linux-gnu/libz.so.1.2.11
7f91b7ebe000-7f91b80a5000 r-xp 00000000 08:01 400235                     /lib/x86_64-linux-gnu/libc-2.27.so
7f91b80a5000-7f91b82a5000 ---p 001e7000 08:01 400235                     /lib/x86_64-linux-gnu/libc-2.27.so
7f91b82a5000-7f91b82a9000 r--p 001e7000 08:01 400235                     /lib/x86_64-linux-gnu/libc-2.27.so
7f91b82a9000-7f91b82ab000 rw-p 001eb000 08:01 400235                     /lib/x86_64-linux-gnu/libc-2.27.so
7f91b82ab000-7f91b82af000 rw-p 00000000 00:00 0 
7f91b82af000-7f91b82be000 r-xp 00000000 08:01 567034                     /usr/lib/jvm/java-11-openjdk-amd64/lib/jli/libjli.so
7f91b82be000-7f91b84bd000 ---p 0000f000 08:01 567034                     /usr/lib/jvm/java-11-openjdk-amd64/lib/jli/libjli.so
7f91b84bd000-7f91b84be000 r--p 0000e000 08:01 567034                     /usr/lib/jvm/java-11-openjdk-amd64/lib/jli/libjli.so
7f91b84be000-7f91b84bf000 rw-p 0000f000 08:01 567034                     /usr/lib/jvm/java-11-openjdk-amd64/lib/jli/libjli.so
7f91b84bf000-7f91b84e6000 r-xp 00000000 08:01 400207                     /lib/x86_64-linux-gnu/ld-2.27.so
7f91b8504000-7f91b85c5000 rw-p 00000000 00:00 0 
7f91b85c5000-7f91b85cc000 ---p 00000000 00:00 0 
7f91b85cc000-7f91b85d0000 ---p 00000000 00:00 0 
7f91b85d0000-7f91b86cf000 rw-p 00000000 00:00 0 
7f91b86d2000-7f91b86d9000 r--s 00000000 08:01 265249                     /usr/lib/x86_64-linux-gnu/gconv/gconv-modules.cache
7f91b86d9000-7f91b86da000 rw-p 00000000 00:00 0 
7f91b86da000-7f91b86e2000 rw-s 00000000 08:01 663994                     /tmp/hsperfdata_jrwmacedo/18761
7f91b86e2000-7f91b86e3000 ---p 00000000 00:00 0 
7f91b86e3000-7f91b86e4000 r--p 00000000 00:00 0 
7f91b86e4000-7f91b86e6000 rw-p 00000000 00:00 0 
7f91b86e6000-7f91b86e7000 r--p 00027000 08:01 400207                     /lib/x86_64-linux-gnu/ld-2.27.so
7f91b86e7000-7f91b86e8000 rw-p 00028000 08:01 400207                     /lib/x86_64-linux-gnu/ld-2.27.so
7f91b86e8000-7f91b86e9000 rw-p 00000000 00:00 0 
7ffdc2382000-7ffdc23a4000 rw-p 00000000 00:00 0                          [stack]
7ffdc23c9000-7ffdc23cc000 r--p 00000000 00:00 0                          [vvar]
7ffdc23cc000-7ffdc23ce000 r-xp 00000000 00:00 0                          [vdso]
ffffffffff600000-ffffffffff601000 r-xp 00000000 00:00 0                  [vsyscall]


VM Arguments:
jvm_args: -XX:+HeapDumpOnOutOfMemoryError -Xmx1024m -Dfile.encoding=UTF-8 -Duser.country=US -Duser.language=en -Duser.variant 
java_command: org.gradle.launcher.daemon.bootstrap.GradleDaemon 4.7
java_class_path (initial): /home/jrwmacedo/.gradle/wrapper/dists/gradle-4.7-all/4cret0dgl5o3b21weaoncl7ys/gradle-4.7/lib/gradle-launcher-4.7.jar
Launcher Type: SUN_STANDARD

Logging:
Log output configuration:
#0: stdout all=warning uptime,level,tags
#1: stderr all=off uptime,level,tags

Environment Variables:
PATH=/home/jrwmacedo/.nvm/versions/node/v11.4.0/bin:/usr/local/sbin:/usr/local/bin:/usr/sbin:/usr/bin:/sbin:/bin:/usr/games:/usr/local/games:/home/jrwmacedo/Tools/IntelliJ/bin:/snap/bin
USERNAME=jrwmacedo
SHELL=/bin/bash
DISPLAY=:0

Signal Handlers:
SIGSEGV: [libjvm.so+0xd28b70], sa_mask[0]=11111111011111111101111111111110, sa_flags=SA_RESTART|SA_SIGINFO
SIGBUS: [libjvm.so+0xd28b70], sa_mask[0]=11111111011111111101111111111110, sa_flags=SA_RESTART|SA_SIGINFO
SIGFPE: [libjvm.so+0xd28b70], sa_mask[0]=11111111011111111101111111111110, sa_flags=SA_RESTART|SA_SIGINFO
SIGPIPE: [libjvm.so+0xb2a1f0], sa_mask[0]=11111111011111111101111111111110, sa_flags=SA_RESTART|SA_SIGINFO
SIGXFSZ: [libjvm.so+0xb2a1f0], sa_mask[0]=11111111011111111101111111111110, sa_flags=SA_RESTART|SA_SIGINFO
SIGILL: [libjvm.so+0xd28b70], sa_mask[0]=11111111011111111101111111111110, sa_flags=SA_RESTART|SA_SIGINFO
SIGUSR2: [libjvm.so+0xb2a030], sa_mask[0]=00100000000000000000000000000000, sa_flags=SA_RESTART|SA_SIGINFO
SIGHUP: [libjvm.so+0xb2a180], sa_mask[0]=11111111011111111101111111111110, sa_flags=SA_RESTART|SA_SIGINFO
SIGINT: [libjvm.so+0xb2a180], sa_mask[0]=11111111011111111101111111111110, sa_flags=SA_RESTART|SA_SIGINFO
SIGTERM: [libjvm.so+0xb2a180], sa_mask[0]=11111111011111111101111111111110, sa_flags=SA_RESTART|SA_SIGINFO
SIGQUIT: [libjvm.so+0xb2a180], sa_mask[0]=11111111011111111101111111111110, sa_flags=SA_RESTART|SA_SIGINFO


---------------  S Y S T E M  ---------------

OS:DISTRIB_ID=Ubuntu
DISTRIB_RELEASE=18.04
DISTRIB_CODENAME=bionic
DISTRIB_DESCRIPTION="Ubuntu 18.04.1 LTS"
uname:Linux 4.15.0-43-generic #46-Ubuntu SMP Thu Dec 6 14:45:28 UTC 2018 x86_64
libc:glibc 2.27 NPTL 2.27 
rlimit: STACK 8192k, CORE 0k, NPROC 23180, NOFILE 4096, AS infinity, DATA infinity, FSIZE infinity
load average:27,63 19,87 9,42

/proc/meminfo:
MemTotal:        5995192 kB
MemFree:          115520 kB
MemAvailable:      31176 kB
Buffers:            1008 kB
Cached:            98644 kB
SwapCached:         4308 kB
Active:          4821288 kB
Inactive:         760980 kB
Active(anon):    4808348 kB
Inactive(anon):   741412 kB
Active(file):      12940 kB
Inactive(file):    19568 kB
Unevictable:         428 kB
Mlocked:             428 kB
SwapTotal:        483800 kB
SwapFree:              0 kB
Dirty:               108 kB
Writeback:             0 kB
AnonPages:       5479048 kB
Mapped:            71032 kB
Shmem:             66812 kB
Slab:             114480 kB
SReclaimable:      51656 kB
SUnreclaim:        62824 kB
KernelStack:       22704 kB
PageTables:        83116 kB
NFS_Unstable:          0 kB
Bounce:                0 kB
WritebackTmp:          0 kB
CommitLimit:     3481396 kB
Committed_AS:   14025904 kB
VmallocTotal:   34359738367 kB
VmallocUsed:           0 kB
VmallocChunk:          0 kB
HardwareCorrupted:     0 kB
AnonHugePages:         0 kB
ShmemHugePages:        0 kB
ShmemPmdMapped:        0 kB
CmaTotal:              0 kB
CmaFree:               0 kB
HugePages_Total:       0
HugePages_Free:        0
HugePages_Rsvd:        0
HugePages_Surp:        0
Hugepagesize:       2048 kB
DirectMap4k:      276416 kB
DirectMap2M:     5906432 kB

container (cgroup) information:
container_type: cgroupv1
cpu_cpuset_cpus: 0-2
cpu_memory_nodes: 0
active_processor_count: 3
cpu_quota: -1
cpu_period: 100000
cpu_shares: -1
memory_limit_in_bytes: -1
memory_and_swap_limit_in_bytes: -2
memory_soft_limit_in_bytes: -1
memory_usage_in_bytes: 5714284544
memory_max_usage_in_bytes: 0


CPU:total 3 (initial active 3) (3 cores per cpu, 1 threads per core) family 6 model 142 stepping 10, cmov, cx8, fxsr, mmx, sse, sse2, sse3, ssse3, sse4.1, sse4.2, popcnt, avx, avx2, aes, clmul, 3dnowpref, lzcnt, tsc, tscinvbit
CPU Model and flags from /proc/cpuinfo:
model name	: Intel(R) Core(TM) i5-8250U CPU @ 1.60GHz
flags		: fpu vme de pse tsc msr pae mce cx8 apic sep mtrr pge mca cmov pat pse36 clflush mmx fxsr sse sse2 ht syscall nx rdtscp lm constant_tsc rep_good nopl xtopology nonstop_tsc cpuid pni pclmulqdq ssse3 cx16 pcid sse4_1 sse4_2 x2apic movbe popcnt aes xsave avx rdrand hypervisor lahf_lm abm 3dnowprefetch invpcid_single pti fsgsbase avx2 invpcid rdseed clflushopt flush_l1d

Memory: 4k page, physical 5995192k(117260k free), swap 483800k(0k free)

vm_info: OpenJDK 64-Bit Server VM (10.0.2+13-Ubuntu-1ubuntu0.18.04.4) for linux-amd64 JRE (10.0.2+13-Ubuntu-1ubuntu0.18.04.4), built on Nov 13 2018 12:53:39 by "buildd" with gcc 7.3.0

END.
